
71	 13 4 7 11 1 15 6 3 8 5 2 14 10 12 9

62	 9 8 6 1 3 14 4 15 12 13 10 5 2 7 11

61	 3 7 15 1 10 6 11 5 9 14 4 8 12 2 13

73	 12 8 9 2 7 4 3 14 6 13 5 11 15 1 10

57	 3 1 4 11 7 14 12 5 13 10 6 15 2 8 9

69	 10 4 15 1 14 7 6 8 11 12 3 9 2 5 13

67	 2 12 5 1 14 4 9 11 13 7 8 10 6 15 3

66	 5 15 9 13 14 4 10 1 6 11 2 8 12 3 7

62	 13 9 1 7 2 10 15 14 3 8 6 12 5 11 4

67	 7 11 12 6 2 10 14 4 15 1 3 5 13 9 8

60	 11 2 6 7 9 10 3 12 15 1 14 4 5 8 13

59	 2 11 5 10 7 6 9 15 14 3 12 8 1 13 4

63	 9 7 14 11 1 4 3 10 2 12 6 5 15 13 8

58	 6 1 13 9 10 14 12 4 3 11 7 15 5 8 2

63	 12 10 1 4 8 13 15 3 2 9 7 6 14 11 5

65	 8 6 2 12 9 5 13 7 15 11 4 1 14 3 10

58	 9 15 5 6 8 1 7 14 12 4 13 10 2 3 11

71	 3 12 11 13 7 5 9 15 1 14 6 8 10 2 4

63	 3 8 13 1 9 6 14 7 5 11 15 2 4 12 10

67	 4 14 8 6 15 10 1 13 2 11 5 12 3 9 7

75	 6 14 15 13 7 10 3 11 2 12 1 9 8 4 5

73	 12 4 2 5 8 15 10 14 3 11 9 6 1 13 7

60	 11 13 8 6 15 4 2 10 5 14 3 1 12 9 7

64	 8 5 9 11 7 12 1 13 15 14 4 3 2 10 6

71	 13 11 5 12 3 14 8 6 10 2 9 4 15 1 7

67	 10 6 12 7 9 14 5 13 15 8 3 2 4 1 11

58	 10 11 12 3 5 9 14 2 8 15 1 7 13 4 6

69	 7 15 8 11 4 9 3 1 6 13 14 12 5 2 10

62	 9 1 12 6 13 5 10 14 11 3 2 4 7 15 8

62	 5 11 3 7 8 12 13 9 14 1 15 10 2 6 4

84	 6 7 14 2 12 5 11 15 13 1 9 8 3 10 4

70	 11 10 1 12 6 13 5 2 8 4 7 15 14 3 9

60	 3 5 8 2 9 11 15 6 12 14 1 13 7 10 4

64	 2 3 14 7 4 11 9 5 13 8 15 10 1 6 12

60	 9 12 15 6 7 1 3 13 10 11 4 2 14 8 5

59	 2 14 8 4 15 9 1 11 12 7 10 13 3 6 5

71	 5 4 11 6 7 3 9 2 12 15 1 14 8 10 13

71	 9 5 10 13 6 14 15 1 4 2 3 11 7 8 12

65	 5 10 1 15 6 3 11 2 7 13 14 4 9 12 8

67	 14 1 15 6 10 5 2 8 4 12 3 11 9 7 13

64	 8 13 5 6 1 14 11 10 9 12 2 3 4 15 7

61	 2 6 7 1 5 8 12 14 11 13 3 4 15 10 9

60	 14 11 2 8 15 3 6 13 12 9 10 7 1 5 4

61	 9 13 11 10 1 6 15 4 7 8 14 3 5 2 12

73	 4 10 11 5 3 15 14 12 9 2 6 8 13 1 7

62	 3 1 14 11 15 5 4 10 12 6 8 7 9 2 13

66	 14 4 13 2 10 1 12 6 11 15 8 9 3 7 5

60	 13 3 1 5 10 8 4 15 11 2 14 9 12 7 6

75	 2 5 7 1 9 14 10 11 3 6 13 15 8 4 12

63	 13 10 4 8 12 14 1 9 7 15 11 3 2 6 5

61	 12 6 2 8 4 11 15 9 3 5 14 7 1 10 13

62	 10 7 15 12 11 6 1 5 14 9 13 2 8 4 3

62	 14 6 1 8 9 15 7 12 11 4 13 10 2 5 3

73	 10 14 8 15 4 12 3 13 6 11 2 9 5 1 7

68	 14 10 8 7 6 1 15 3 5 11 2 4 13 12 9

60	 14 15 3 7 6 13 10 4 1 5 2 11 9 8 12

64	 5 3 13 2 6 14 10 15 12 1 9 7 4 8 11

76	 13 15 5 3 2 6 7 10 12 8 14 11 4 9 1

65	 5 10 9 12 3 13 7 1 4 14 15 2 8 6 11

74	 2 7 6 15 5 1 8 14 11 3 12 13 9 4 10

69	 9 15 5 1 10 3 11 14 4 2 8 6 13 12 7

67	 11 14 7 10 9 5 2 13 1 12 15 3 6 4 8

82	 4 8 7 6 9 2 5 1 13 10 11 15 3 14 12

62	 6 12 9 7 2 3 10 8 13 4 15 5 1 11 14

67	 13 8 5 15 1 7 9 3 14 2 10 12 6 11 4

66	 9 3 2 8 14 1 15 6 5 13 12 11 7 10 4

60	 4 1 15 8 14 10 13 11 5 3 12 9 2 7 6

66	 2 5 13 7 4 11 9 3 12 14 15 1 8 10 6

72	 4 6 10 5 8 9 15 3 14 2 7 11 1 12 13

73	 9 6 4 2 3 10 7 15 11 14 5 1 13 8 12

60	 3 6 12 5 7 11 10 13 9 2 15 14 1 4 8

67	 9 11 15 2 3 12 4 13 7 1 14 6 10 5 8

68	 4 9 10 5 2 15 7 14 11 12 1 13 6 8 3

69	 6 10 2 4 5 7 8 3 1 11 13 15 14 12 9

61	 13 10 3 7 5 6 9 2 15 12 14 8 4 1 11

68	 12 10 7 9 4 1 14 2 5 15 11 13 6 8 3

55	 2 9 5 6 15 11 8 7 13 14 12 3 10 1 4

66	 9 3 1 10 4 12 8 15 6 13 14 7 11 2 5

62	 13 9 3 2 14 15 7 1 4 6 10 8 11 12 5

59	 5 13 6 15 9 4 14 1 10 3 12 7 8 11 2

77	 12 13 11 5 4 2 9 3 7 1 6 14 10 15 8

68	 8 3 9 2 6 12 1 13 11 14 15 5 4 7 10

64	 13 6 3 9 2 10 5 1 7 12 14 15 4 8 11

74	 9 2 12 15 4 7 8 10 6 14 3 13 11 1 5

73	 9 15 4 2 8 11 1 5 7 10 12 13 14 6 3

66	 14 4 11 9 3 2 12 10 6 15 5 13 1 8 7

64	 4 3 7 11 1 12 6 8 5 9 13 14 15 10 2

65	 9 2 10 5 13 1 7 12 14 15 6 4 8 3 11

66	 5 9 13 15 4 14 8 12 6 3 10 11 2 1 7

61	 4 13 12 7 11 3 8 5 15 1 9 10 14 2 6

76	 9 1 11 10 8 5 14 13 7 6 12 3 2 4 15

68	 15 8 4 6 7 3 13 2 9 1 5 11 14 12 10

79	 10 9 4 12 8 7 14 1 15 13 3 6 2 5 11

74	 2 12 3 8 9 4 5 13 11 10 14 7 15 1 6

79	 7 3 4 11 8 10 5 15 6 14 1 12 2 9 13

75	 8 2 12 13 1 11 5 10 9 4 14 7 15 3 6

61	 8 12 3 5 6 4 10 9 14 7 2 1 15 13 11

62	 4 11 5 2 10 9 1 15 12 14 8 6 13 3 7

74	 12 15 11 4 7 14 3 10 5 6 13 2 9 1 8

59	 6 13 3 14 1 11 7 12 10 8 5 4 15 2 9

56	 5 2 9 13 14 15 10 12 4 7 1 11 6 8 3

61	 2 4 12 8 3 14 15 13 5 7 6 10 9 1 11

65	 13 12 8 11 5 14 10 6 7 15 9 3 2 4 1

88	 10 14 12 13 11 9 5 1 15 7 8 2 3 6 4

66	 7 2 1 6 11 5 9 14 4 3 13 15 10 12 8

69	 14 5 15 7 6 12 11 9 13 2 10 8 1 4 3

70	 4 2 12 13 1 10 6 5 3 9 11 15 14 7 8

67	 5 15 7 13 2 9 11 6 1 8 10 14 4 12 3

64	 8 6 3 11 7 5 14 2 4 1 10 12 15 13 9

63	 3 4 8 9 15 14 1 12 11 10 13 5 2 6 7

61	 10 3 8 2 15 5 4 11 14 9 1 7 12 6 13

71	 3 8 2 12 7 15 11 13 6 1 5 14 9 10 4

58	 12 14 9 5 10 4 3 2 6 1 13 11 15 7 8

65	 2 12 3 11 10 15 4 7 5 6 13 8 1 14 9

63	 14 15 5 11 6 2 9 4 1 13 12 7 8 3 10

62	 6 10 11 7 1 5 3 14 4 2 12 13 15 9 8

60	 5 9 7 15 4 8 10 3 6 11 2 14 12 1 13

73	 9 6 14 13 8 11 4 7 15 5 1 12 10 2 3

60	 10 9 11 3 5 15 6 12 14 8 7 2 13 1 4

59	 10 11 12 1 9 5 3 4 13 6 2 8 15 14 7

66	 14 7 4 3 9 2 6 10 5 15 8 13 1 12 11

70	 5 1 8 9 6 13 4 14 10 15 12 3 2 11 7

68	 15 4 12 1 2 9 5 11 6 14 3 10 13 8 7

69	 6 1 14 11 15 8 12 13 5 10 9 3 2 7 4

66	 10 13 11 14 6 9 8 15 7 12 2 4 3 1 5

73	 8 14 11 12 4 1 10 6 5 15 9 7 2 13 3

64	 5 3 13 6 12 4 8 10 14 1 7 2 9 15 11

74	 3 2 8 5 7 1 15 13 4 10 12 14 6 9 11

59	 12 3 14 10 13 11 2 15 7 1 6 9 5 4 8

69	 5 8 9 14 10 2 7 4 3 12 15 13 11 1 6

65	 12 4 3 9 15 8 2 6 1 11 13 14 7 5 10

63	 14 1 15 9 11 12 4 8 5 3 2 6 10 7 13

65	 6 10 3 11 7 9 15 1 14 2 4 12 8 5 13

66	 11 8 3 7 6 4 15 10 12 1 13 9 2 14 5

67	 4 6 3 12 13 2 9 1 11 10 15 14 7 5 8

57	 6 8 11 10 14 5 1 3 9 13 4 12 15 2 7

67	 10 7 5 12 1 6 4 11 15 8 2 14 9 3 13

60	 6 8 14 4 5 10 3 15 7 12 9 2 1 13 11

60	 2 14 10 6 1 4 5 9 11 15 13 7 8 12 3

57	 4 1 6 8 14 7 3 10 9 2 15 13 12 11 5

61	 10 2 1 8 12 7 3 15 4 11 6 14 5 13 9

63	 4 10 12 6 13 7 2 11 5 14 3 15 8 1 9

75	 8 1 15 14 9 6 3 11 10 7 12 13 4 2 5

59	 3 6 5 15 7 9 4 10 13 1 12 14 11 8 2

61	 12 6 9 2 14 1 15 5 11 3 10 8 4 7 13

57	 5 8 10 2 11 6 14 4 9 13 7 15 12 1 3

68	 12 8 15 10 14 9 1 4 7 2 5 3 6 13 11

64	 6 15 9 2 13 14 11 1 8 10 3 4 5 12 7

71	 4 2 1 9 15 5 12 7 10 13 3 11 14 6 8

58	 5 1 10 2 14 12 8 7 15 3 6 11 4 13 9

67	 7 15 13 5 14 2 9 6 4 8 11 1 3 12 10

68	 10 15 4 1 12 14 5 6 3 11 7 9 2 8 13

59	 9 3 15 4 1 13 6 11 10 12 2 14 8 5 7

76	 13 15 4 9 8 5 7 6 2 1 12 14 3 11 10

60	 14 1 15 11 5 3 6 7 12 2 10 9 4 8 13

62	 10 11 12 15 8 2 14 7 13 6 4 5 1 3 9

60	 7 11 4 1 9 10 5 15 2 13 8 3 14 6 12

59	 5 10 15 14 11 4 2 13 6 7 3 1 9 12 8

67	 10 9 3 11 12 13 5 15 1 14 6 7 8 2 4

63	 15 9 11 8 7 13 5 4 14 10 1 12 6 2 3

62	 12 1 2 3 7 13 4 5 6 10 11 14 9 15 8

73	 12 1 8 5 10 2 13 6 15 11 7 9 3 14 4

71	 10 2 15 6 8 11 4 7 14 13 5 1 9 12 3

63	 6 11 3 10 12 5 9 7 8 2 4 15 1 14 13

55	 11 10 3 15 12 14 7 6 5 8 13 2 4 9 1

65	 13 2 14 1 8 10 11 9 6 12 3 5 15 7 4

71	 11 5 3 13 15 12 10 1 6 8 2 7 4 14 9

72	 14 10 12 1 6 5 8 15 11 4 9 13 2 7 3

59	 4 2 15 3 13 6 11 14 9 8 7 1 10 12 5

72	 14 5 12 13 15 2 6 3 1 11 9 10 4 7 8

56	 9 12 1 13 3 15 5 2 8 14 6 10 4 11 7

75	 4 11 6 3 1 15 14 13 2 9 8 10 5 7 12

60	 2 5 13 7 11 14 12 3 15 4 8 1 6 10 9

76	 2 7 3 6 10 12 4 14 1 15 9 8 5 11 13

68	 10 2 8 7 14 13 4 6 1 3 9 11 5 15 12

66	 4 11 5 6 2 10 3 1 14 9 7 15 8 12 13

57	 12 1 8 10 3 6 13 4 15 5 7 9 2 14 11

67	 3 1 5 11 7 13 6 15 9 2 12 14 4 10 8

60	 2 9 6 11 8 5 15 1 14 4 12 10 3 7 13

66	 3 7 2 1 12 5 10 8 15 11 9 14 4 6 13

64	 9 2 6 1 13 12 4 10 3 14 5 8 7 15 11

60	 4 13 7 14 1 15 9 3 5 10 12 2 11 6 8

57	 12 6 4 13 1 14 10 5 2 9 7 3 15 8 11

74	 3 14 8 5 15 6 10 12 1 4 9 11 2 13 7

74	 11 5 10 6 14 1 15 8 12 9 2 7 3 4 13

65	 3 11 8 4 13 10 5 9 2 1 15 6 12 14 7

63	 12 3 6 14 2 4 9 5 8 15 10 7 1 11 13

76	 3 2 14 10 6 9 13 1 8 5 12 15 4 11 7

80	 15 7 12 14 13 5 2 6 1 8 3 9 4 10 11

81	 4 6 10 7 15 12 2 1 3 14 5 8 13 11 9

64	 10 7 4 8 14 12 1
73	 2 8 9 11 1 5 10 6 12 7 3 14 15 13 4

66	 8 9 1 4 2 6 5 13 14 15 7 10 3 11 12

60	 12 7 6 13 11 1 8 10 15 2 4 5 3 9 14

70	 4 5 7 2 9 8 13 14 1 3 15 12 10 6 11

66	 14 2 9 12 6 13 4 1 3 11 8 7 15 10 5

68	 8 9 7 13 15 12 10 5 11 2 4 1 6 14 3

60	 7 11 15 10 4 6 13 2 5 14 1 12 8 3 9

73	 9 5 10 15 13 11 1 14 7 8 6 2 4 3 12

66	 10 9 15 3 4 11 1 6 7 12 8 2 14 13 5

67	 10 8 13 15 12 7 2 14 5 9 1 4 11 6 3

65	 6 7 2 11 8 10 1 14 9 3 15 5 13 12 4

56	 5 7 8 10 13 1 6 12 14 4 15 9 11 2 3

65	 4 6 8 3 9 12 7 5 1 14 2 10 15 11 13

60	 13 5 6 12 3 14 8 1 2 10 15 7 4 9 11

71	 15 10 9 8 3 12 7 5 14 4 13 2 1 6 11

69	 2 5 8 7 4 6 14 3 15 13 11 12 1 10 9

73	 13 10 15 6 1 3 4 9 5 2 11 7 14 12 8

68	 7 1 3 11 2 10 8 9 14 15 13 4 5 12 6

59	 13 9 8 1 10 11 3 5 2 4 14 15 7 12 6

65	 8 2 5 15 13 11 1 3 12 7 14 10 6 4 9

69	 13 4 3 2 9 11 15 14 7 1 12 5 6 10 8

75	 3 5 11 15 1 14 8 10 2 12 6 7 13 9 4

61	 6 3 12 14 13 11 9 2 10 1 7 5 15 8 4

70	 2 12 4 8 14 1 10 13 15 7 5 9 11 6 3

74	 10 7 11 9 3 2 15 13 6 14 5 4 1 12 8

66	 3 2 10 6 4 13 11 1 8 5 7 15 14 12 9

69	 10 13 14 8 9 7 1 2 11 3 4 15 12 5 6

70	 7 11 14 8 13 9 4 10 1 5 12 15 3 2 6

69	 6 7 9 5 15 4 14 2 10 3 11 1 8 12 13

65	 2 14 4 12 13 7 15 3 1 6 11 5 10 9 8

75	 14 7 12 3 13 11 1 4 5 15 6 8 2 9 10

68	 4 7 1 14 15 9 12 6 2 5 3 10 11 8 13

77	 8 4 5 1 12 11 14 10 2 7 13 9 15 6 3

64	 10 13 12 7 15 6 2 3 11 8 14 9 5 1 4

56	 8 13 10 15 6 12 9 11 1 2 4 14 5 3 7

79	 6 9 4 13 11 2 10 15 8 1 12 14 7 3 5

63	 10 6 7 1 3 11 5 13 4 15 14 9 8 2 12

64	 3 5 10 14 2 7 8 9 1 4 13 6 15 11 12

69	 8 4 10 2 7 9 11 12 5 15 1 14 3 6 13

62	 7 15 13 8 4 5 14 3 1 9 12 6 11 2 10

56	 9 15 5 4 7 3 6 12 11 8 14 13 2 10 1

68	 14 6 2 7 8 13 15 11 1 12 4 9 5 3 10

79	 9 12 8 2 10 1 5 13 7 14 15 11 4 3 6

61	 6 9 2 3 1 14 12 8 11 15 10 4 5 7 13

71	 12 9 6 15 3 13 11 5 14 1 4 8 2 7 10

59	 6 3 9 8 15 13 14 12 11 2 7 5 10 1 4

82	 7 4 9 8 11 5 2 3 6 15 14 13 1 10 12

57	 2 5 7 13 3 15 8 10 12 6 1 9 14 4 11

64	 3 1 14 6 2 10 8 9 7 5 4 12 15 11 13

70	 11 15 12 2 6 10 4 3 5 14 13 1 8 9 7

66	 4 5 3 2 6 9 8 11 13 1 15 14 10 7 12

65	 5 1 10 15 3 14 9 11 2 13 12 8 4 6 7

62	 10 14 2 13 4 15 5 9 11 8 7 3 6 1 12

71	 14 1 15 12 3 9 6 5 7 4 10 2 11 8 13

59	 7 15 11 10 3 12 8 6 14 13 2 5 4 9 1

63	 6 15 13 14 12 11 1 5 10 4 3 8 7 2 9

65	 7 10 4 6 12 8 2 13 14 3 15 5 9 1 11

66	 8 11 10 13 6 2 3 4 14 7 5 1 9 15 12

69	 6 2 4 13 8 3 7 1 5 14 15 11 9 10 12

64	 9 11 14 2 6 1 15 5 7 4 3 10 13 8 12

63	 7 4 11 15 5 12 2 9 14 6 13 8 10 3 1

57	 2 4 3 5 12 9 14 7 15 8 13 10 1 11 6

58	 7 1 3 14 6 15 10 9 12 11 13 4 2 5 8

69	 13 1 11 4 3 10 6 2 14 12 15 7 8 5 9

61	 12 4 10 1 8 15 9 7 11 13 6 14 3 2 5

67	 3 14 6 10 7 13 15 9 5 11 8 2 12 4 1

68	 8 4 13 3 14 5 1 12 2 15 10 6 9 7 11

67	 14 7 12 9 15 8 1 10 2 5 6 4 13 11 3

78	 3 14 13 15 4 7 5 12 6 1 8 11 2 9 10

63	 13 7 5 8 10 1 12 14 4 9 15 3 11 6 2

62	 8 11 2 9 12 13 1 3 4 10 15 14 5 7 6

57	 14 7 2 3 12 8 1 10 4 6 9 13 15 11 5

59	 3 1 12 4 10 7 2 15 8 5 13 9 6 11 14

67	 6 14 5 2 7 12 8 11 15 1 4 13 10 3 9

64	 12 3 4 6 1 7 5 15 9 11 14 13 10 2 8

62	 11 15 2 5 8 10 9 13 14 7 6 1 3 4 12

62	 9 4 11 2 12 8 3 1 7 15 10 14 6 5 13

70	 9 7 13 1 14 15 3 5 11 2 12 8 4 6 10

59	 5 15 4 11 14 9 2 12 10 7 13 1 8 6 3

73	 12 7 14 6 10 5 4 15 8 13 2 11 3 1 9

74	 9 13 11 14 1 2 10 15 4 3 7 8 12 5 6

70	 12 11 15 9 1 13 3 4 2 8 7 5 14 10 6

68	 14 12 1 15 6 3 5 9 11 10 7 8 2 4 13

59	 3 2 6 4 14 13 7 1 15 9 10 12 8 11 5

59	 2 9 1 11 14 3 4 10 13 7 15 5 6 8 12

72	 3 6 2 4 13 8 15 5 11 14 9 1 10 12 7

68	 3 4 14 15 11 6 10 13 1 9 8 2 5 7 12

66	 10 8 11 14 7 12 15 6 5 3 1 13 2 9 4

60	 12 11 10 8 1 5 13 14 15 9 4 6 3 7 2

60	 4 14 11 6 12 8 2 10 13 5 1 15 7 9 3

61	 7 10 5 15 6 1 13 11 14 12 2 9 3 4 8

57	 9 13 8 15 5 10 1 7 6 12 4 14 11 3 2

65	 8 13 5 6 7 14 11 12 4 2 3 15 10 1 9

60	 3 2 6 10 8 11 12 9 7 15 4 5 14 1 13

74	 13 6 3 2 14 7 4 5 9 15 1 8 11 12 10

63	 4 12 13 7 2 3 8 15 14 6 10 11 1 5 9

67	 13 3 2 10 1 5 6 14 4 9 8 15 7 11 12

68	 6 12 9 14 11 5 1 10 13 8 2 7 3 15 4

62	 11 8 9 10 6 3 1 4 15 7 13 14 12 2 5

61	 13 10 14 15 3 1 9 11 8 2 12 7 4 6 5

66	 9 14 7 4 6 10 8 15 2 3 11 12 1 13 5

67	 5 15 1 14 11 9 6 10 7 2 3 4 12 8 13

68	 2 10 5 15 1 14 9 12 7 3 4 8 6 11 13

60	 2 13 9 5 6 14 12 1 3 4 10 15 7 11 8

59	 14 12 8 1 11 7 6 3 13 9 4 2 5 15 10

66	 11 7 5 2 9 3 4 8 12 10 6 15 1 14 13

75	 3 1 5 14 11 6 13 15 4 2 10 7 12 8 9

75	 10 11 13 6 1 14 7 12 9 5 8 15 2 4 3

67	 10 12 6 15 14 2 4 3 9 5 1 8 7 11 13

66	 10 12 14 9 6 11 1 15 7 2 13 5 8 4 3

71	 11 9 7 4 5 12 14 1 15 13 8 10 6 2 3

61	 6 13 9 12 5 4 14 8 2 1 7 10 11 15 3

67	 7 11 10 6 3 5 2 8 9 4 13 1 15 14 12

71	 10 11 15 3 2 6 5 12 7 13 14 1 9 4 8

74	 9 13 11 1 6 10 5 15 12 2 4 3 14 7 8

68	 13 4 9 5 2 1 14 10 7 15 12 6 11 3 8

57	 10 14 3 2 15 8 13 1 4 12 9 11 5 7 6

76	 2 9 8 11 14 3 1 6 4 12 13 5 15 7 10

73	 5 3 2 11 4 14 6 8 7 9 15 12 10 1 13

69	 3 6 15 8 2 13 9 1 7 12 10 5 4 14 11

66	 7 12 6 8 2 10 13 15 14 5 1 3 4 9 11

61	 12 14 13 6 3 2 11 15 10 1 4 5 8 7 9

59	 12 6 15 11 7 2 3 9 8 4 1 13 14 5 10

69	 8 9 7 15 6 10 1 11 2 12 13 3 14 4 5

67	 14 3 4 5 1 11 10 8 2 12 13 9 15 6 7

63	 3 6 13 5 10 9 2 14 11 8 15 7 4 12 1

79	 7 8 4 1 6 14 11 12 10 9 5 2 15 13 3

59	 3 1 7 10 9 12 13 8 4 15 14 5 2 11 6

58	 4 5 8 14 15 11 3 1 6 2 7 9 12 10 13

73	 4 1 2 10 15 9 6 5 14 7 12 13 3 11 8

62	 10 14 12 1 9 2 3 5 11 6 8 13 15 4 7

66	 14 5 1 8 3 2 11 6 15 10 9 12 13 4 7

62	 13 10 12 7 2 11 15 8 9 5 4 1 3 14 6

64	 4 5 7 10 13 14 1 8 6 2 3 11 15 9 12

66	 10 9 14 12 15 7 13 3 1 8 4 11 5 2 6

63	 13 15 8 3 2 9 7 4 14 11 1 12 10 5 6

63	 5 15 14 1 13 3 12 4 9 10 7 11 8 2 6

64	 6 8 2 11 1 13 15 14 4 3 9 7 10 5 12

64	 15 11 4 2 13 5 14 8 12 7 3 9 1 6 10

66	 8 6 15 11 10 12 5 4 3 9 14 2 1 13 7

72	 2 14 4 9 1 15 5 12 10 7 11 6 13 8 3

71	 5 9 7 6 8 15 1 14 12 10 11 3 4 2 13

76	 13 4 15 3 9 14 8 1 12 2 11 6 7 10 5

59	 11 5 15 7 2 6 14 10 4 9 3 13 1 8 12

66	 6 8 9 7 10 4 3 1 14 11 15 12 5 2 13

74	 6 7 3 15 5 13 1 9 12 4 8 14 10 2 11

66	 13 14 1 2 3 4 7 11 15 8 10 5 9 6 12

64	 10 11 13 8 5 15 1 7 6 3 9 14 12 2 4

62	 14 3 10 7 4 5 15 1 8 13 9 11 2 12 6

68	 5 11 13 9 3 6 4 10 14 8 15 1 7 12 2

64	 14 3 7 10 15 2 9 4 13 1 11 8 12 6 5

59	 15 1 6 4 8 13 10 2 3 14 11 5 9 12 7

52	 8 9 2 7 4 10 13 5 14 15 3 6 1 12 11

63	 5 9 1 13 7 2 11 15 12 14 10 4 3 8 6

66	 6 12 1 8 2 7 15 10 13 3 9 14 4 11 5

67	 7 15 2 5 14 13 4 9 12 11 10 8 1 6 3

65	 4 5 13 6 11 3 1 12 10 14 15 7 9 2 8

60	 8 7 2 15 1 12 6 9 4 10 13 5 14 3 11

70	 12 5 2 13 9 11 15 10 4 14 1 7 8 3 6

57	 13 6 10 4 14 2 5 3 11 8 15 9 7 1 12

71	 6 8 1 4 14 5 11 3 7 13 15 2 12 10 9

78	 3 14 5 6 2 4 10 15 1 7 12 9 8 11 13

69	 14 1 12 6 3 8 2 10 9 5 11 15 4 7 13

60	 8 9 2 4 1 7 13 12 15 6 11 14 10 3 5

62	 4 15 5 6 10 13 12 1 11 8 7 9 2 3 14

67	 6 9 10 7 5 11 2 15 12 14 3 8 1 13 4

56	 4 7 15 11 1 6 12 14 3 9 5 8 10 2 13

63	 3 13 6 12 7 10 9 5 15 4 11 14 1 8 2

62	 3 13 7 10 15 5 4 8 12 6 11 2 1 14 9

57	 9 15 11 14 4 2 13 12 7 10 6 8 5 1 3

76	 3 4 7 6 2 11 5 12 15 1 14 9 10 8 13

67	 3 15 8 7 13 1 9 2 6 5 14 11 4 10 12

63	 9 14 6 8 10 1 5 4 13 15 7 12 11 2 3

70	 9 5 11 15 6 14 1 4 7 12 3 2 8 10 13

76	 3 14 13 6 4 2 9 15 11 5 8 10 7 1 12

64	 11 10 2 15 1 3 4 14 13 9 6 8 7 5 12

63	 5 1 8 14 9 11 15 3 12 10 6 2 4 13 7

61	 10 3 14 1 11 13 9 2 15 6 12 5 4 7 8

69	 6 14 5 7 10 11 1 3 8 13 9 15 12 2 4

62	 12 15 5 6 8 7 13 1 3 11 14 10 9 2 4

65	 3 6 12 7 10 4 14 1 15 2 9 8 5 11 13

61	 2 11 3 7 8 6 1 5 4 14 9 15 10 12 13

81	 4 14 11 9 12 5 13 1 6 15 10 7 8 2 3

68	 6 7 14 1 15 9 2 12 11 4 10 8 3 5 13

64	 12 1 3 8 15 7 11 13 5 14 6 4 9 2 10

66	 6 3 7 11 13 8 15 9 14 2 12 5 1 4 10

63	 10 4 14 6 2 12 15 5 9 7 8 3 1 11 13

63	 9 5 1 8 10 13 2 14 6 7 15 11 3 12 4

61	 2 10 5 4 7 3 12 15 1 8 14 13 9 11 6

59	 3 10 5 8 9 7 1 11 12 15 2 4 6 14 13

65	 2 3 9 1 14 6 4 1
68	 3 9 11 1 15 14 10 7 12 8 6 13 4 2 5

71	 7 1 5 4 6 10 11 2 13 15 9 8 14 12 3

67	 4 2 6 9 1 15 13 5 10 8 12 3 7 14 11

62	 9 6 12 2 7 10 4 5 8 3 1 14 15 11 13

76	 8 11 14 4 13 10 3 6 7 1 15 2 5 12 9

68	 7 12 9 8 1 4 5 13 2 3 14 15 11 10 6

67	 12 11 6 2 9 14 15 1 8 7 13 4 3 5 10

67	 4 11 14 8 15 3 1 10 12 7 13 6 2 9 5

68	 12 11 6 1 9 15 10 7 5 8 3 13 2 14 4

66	 14 2 10 13 1 4 5 15 7 9 12 6 3 8 11

72	 7 2 11 13 15 1 8 9 5 3 10 14 6 12 4

73	 9 13 4 3 1 6 2 12 7 11 10 14 5 15 8

61	 12 9 6 7 11 10 8 3 1 5 2 14 15 4 13

68	 8 2 9 12 14 13 7 4 10 5 15 11 1 3 6

60	 8 9 11 14 2 7 1 4 6 5 13 3 15 12 10

60	 3 15 8 1 5 13 6 10 9 11 7 12 4 2 14

62	 6 2 3 15 1 14 7 5 11 9 8 12 4 10 13

66	 12 7 15 1 2 3 14 9 5 11 13 8 6 4 10

63	 13 2 4 12 1 9 8 14 10 15 11 5 6 7 3

67	 3 5 9 14 2 4 12 15 7 6 11 1 8 13 10

58	 3 7 14 2 11 15 6 13 1 4 12 9 10 8 5

68	 12 3 13 6 7 11 14 1 15 9 10 4 2 8 5

65	 7 1 14 11 9 8 13 15 3 5 10 12 2 6 4

68	 8 6 5 10 11 13 1 3 12 15 4 2 9 14 7

68	 13 11 1 7 15 14 9 2 4 8 6 5 3 12 10

72	 9 1 6 11 2 14 3 15 4 10 12 7 8 5 13

65	 11 12 1 3 8 2 13 15 6 5 10 14 9 7 4

78	 11 6 15 1 14 12 8 4 10 7 3 9 2 5 13

68	 4 13 14 6 7 5 11 12 15 3 10 2 1 9 8

59	 14 7 11 12 6 10 8 2 15 5 9 4 1 3 13

67	 5 12 10 15 4 14 2 7 8 3 1 9 6 13 11

72	 11 2 4 5 15 10 13 7 12 14 3 9 1 8 6

63	 12 11 7 15 13 8 2 6 5 4 10 3 1 14 9

72	 4 2 10 9 3 8 5 15 14 13 11 6 1 7 12

71	 10 12 4 11 1 14 9 15 7 5 8 6 13 2 3

69	 11 6 1 5 14 9 10 2 8 15 12 7 4 13 3

65	 7 6 1 9 10 12 13 14 4 15 5 8 2 3 11

61	 4 8 9 14 2 7 3 11 6 5 15 12 1 10 13

70	 14 10 15 6 1 3 12 4 13 5 9 2 7 11 8

64	 5 7 12 14 4 2 6 8 15 13 10 3 9 1 11

63	 9 13 15 11 8 7 12 1 3 5 10 4 14 2 6

63	 9 1 7 14 10 12 3 4 11 2 6 15 8 5 13

55	 5 7 3 2 9 4 11 12 8 14 6 13 15 1 10

58	 6 2 4 9 14 11 12 3 13 15 8 7 5 1 10

66	 10 8 12 9 4 1 15 11 6 13 14 2 5 3 7

65	 7 8 12 3 15 14 6 2 4 9 10 5 13 11 1

74	 6 11 12 14 3 10 13 8 1 9 15 7 4 5 2

61	 9 13 8 11 6 1 7 15 3 10 5 2 12 14 4

65	 6 4 2 9 11 8 14 13 5 15 7 3 10 1 12

66	 4 14 3 6 5 13 11 15 12 7 8 9 2 1 10

59	 6 5 8 15 4 2 11 13 1 12 10 7 14 3 9

68	 2 14 4 15 5 9 6 3 1 8 7 11 12 13 10

68	 10 8 4 14 1 12 15 11 2 3 5 7 13 6 9

68	 11 3 12 15 4 7 14 10 2 6 13 1 5 8 9

60	 10 11 4 9 14 8 13 15 12 5 1 7 3 6 2

71	 10 14 5 13 2 3 1 9 11 12 15 7 6 4 8

60	 5 8 14 2 6 4 10 7 1 13 15 11 12 3 9

61	 4 13 1 3 11 7 10 9 2 14 12 6 5 15 8

69	 9 4 15 1 14 7 2 8 3 5 11 10 12 6 13

70	 12 9 3 8 14 7 15 10 6 5 2 4 1 13 11

66	 13 7 15 10 11 6 1 8 14 5 12 9 3 2 4

68	 2 13 8 1 9 14 11 4 15 6 7 10 12 5 3

66	 12 8 9 10 2 15 6 7 11 1 13 14 3 4 5

69	 8 3 5 10 7 1 14 9 12 15 11 4 6 2 13

58	 12 8 10 1 3 7 15 4 11 6 14 5 13 2 9

64	 12 15 4 14 3 13 10 8 2 7 6 5 1 9 11

65	 11 13 14 5 4 3 15 2 7 1 9 8 12 6 10

60	 7 15 8 12 9 6 14 10 2 13 11 5 1 4 3

71	 15 4 6 8 3 11 9 1 7 5 2 12 14 13 10

65	 13 4 15 7 12 2 9 5 3 1 10 8 14 6 11

61	 14 5 10 12 9 3 7 15 4 8 1 2 6 13 11

59	 8 5 14 3 2 4 15 9 11 7 6 13 1 10 12

84	 6 3 1 8 11 7 13 9 15 12 14 4 2 5 10

70	 14 1 15 6 8 12 3 7 9 4 10 5 11 2 13

61	 13 2 1 4 5 9 7 6 15 8 10 11 14 3 12

62	 3 5 4 8 2 6 9 10 1 14 12 15 11 7 13

69	 3 4 15 12 6 14 5 13 2 8 7 10 11 1 9

61	 3 10 2 11 7 6 13 1 15 12 8 9 5 14 4

58	 12 7 15 5 4 9 14 3 6 13 8 11 2 10 1

70	 13 12 3 7 14 9 1 5 4 15 6 2 10 11 8

63	 9 10 6 3 4 1 15 14 7 2 5 13 8 11 12

87	 5 4 1 7 12 3 11 2 14 10 8 9 15 13 6

61	 11 13 7 12 8 4 2 6 14 15 3 1 9 10 5

72	 5 13 10 4 2 9 1 12 15 7 11 14 8 3 6

61	 9 11 15 7 1 14 12 4 8 6 5 13 3 2 10

73	 3 4 7 2 10 14 5 8 1 9 13 11 15 12 6

72	 10 3 2 4 14 13 9 7 6 8 5 15 11 1 12

74	 6 7 4 8 9 14 15 13 3 5 2 1 11 12 10

65	 8 6 11 3 15 12 5 4 2 10 9 7 14 1 13

74	 11 8 9 5 15 14 1 12 13 6 3 7 4 2 10

70	 4 9 6 15 11 2 8 13 3 14 7 1 10 12 5

67	 2 3 13 5 8 6 1 11 7 4 15 9 14 10 12

68	 14 1 15 6 10 5 4 11 2 8 3 12 9 7 13

69	 15 4 2 5 1 3 9 13 14 7 11 6 10 8 12

64	 7 6 4 2 12 14 10 9 5 11 8 13 15 1 3

67	 9 8 3 1 14 4 6 2 13 15 7 5 10 12 11

64	 4 12 1 10 5 15 14 7 9 8 6 13 3 11 2

80	 13 15 5 12 2 10 3 1 11 14 4 8 7 6 9

67	 9 2 12 4 7 14 1 8 13 15 10 6 5 11 3

67	 4 10 12 7 1 11 9 14 13 15 6 3 8 5 2

69	 3 10 11 12 5 2 14 9 4 1 7 15 13 6 8

77	 10 15 14 4 2 5 11 1 13 8 9 6 3 12 7

65	 7 15 10 8 6 9 14 1 5 4 13 11 2 3 12

62	 5 11 15 8 4 9 10 6 14 1 3 2 12 7 13

68	 2 4 7 8 9 1 15 14 13 5 10 6 3 11 12

63	 11 15 3 14 4 7 5 10 2 1 13 9 8 6 12

69	 8 7 10 11 2 12 4 15 6 14 5 1 9 13 3

68	 9 11 15 1 8 6 14 7 12 13 5 3 10 2 4

66	 12 4 6 13 5 7 15 3 1 10 2 11 8 9 14

78	 2 4 7 5 3 11 14 6 13 1 9 8 15 10 12

65	 2 5 12 3 9 7 6 15 14 8 13 4 1 11 10

75	 7 15 10 1 6 2 5 12 14 3 9 13 4 8 11

66	 8 12 2 3 11 6 9 4 15 13 14 1 5 7 10

62	 14 8 12 5 13 10 2 6 3 7 1 9 15 11 4

62	 7 11 3 13 6 1 5 2 10 15 14 12 4 9 8

61	 12 4 15 3 11 6 5 7 13 2 10 8 9 1 14

72	 12 1 9 6 10 8 15 13 3 14 5 7 4 2 11

70	 11 1 8 14 12 13 4 9 5 7 3 15 2 6 10

63	 5 15 7 10 3 6 2 9 14 8 4 13 1 12 11

64	 14 12 10 2 3 4 9 8 1 11 13 6 15 7 5

75	 5 2 1 10 14 11 12 3 9 4 15 13 7 6 8

69	 9 13 7 10 14 15 12 11 3 1 5 6 2 4 8

68	 12 8 9 13 2 5 3 1 14 7 15 11 6 4 10

72	 5 4 7 2 12 15 1 14 10 9 3 11 6 8 13

70	 4 2 8 12 13 9 15 3 11 1 6 7 10 14 5

65	 15 6 5 13 2 3 11 12 9 8 10 1 4 14 7

63	 9 4 11 12 2 10 3 15 5 6 13 1 8 14 7

61	 7 13 15 4 1 14 8 12 3 2 11 9 6 10 5

68	 5 12 6 11 10 4 2 7 15 14 13 3 1 9 8

62	 4 12 1 6 2 7 9 8 14 3 11 13 15 10 5

65	 5 6 4 2 3 12 8 1 10 7 15 9 11 14 13

72	 10 7 6 15 3 9 8 1 2 11 12 5 14 13 4

64	 6 3 7 15 4 8 11 2 5 10 9 14 12 1 13

76	 6 10 11 7 13 9 1 15 14 5 4 8 3 2 12

79	 2 4 3 8 5 12 10 7 14 15 9 11 1 6 13

62	 10 1 4 11 7 8 14 5 2 6 12 3 15 13 9

61	 5 1 6 15 3 12 4 13 11 14 7 9 8 2 10

71	 3 14 2 7 12 11 15 6 5 1 13 8 4 10 9

60	 14 11 6 8 15 10 5 13 9 12 4 1 7 2 3

69	 10 5 9 11 4 15 12 7 8 2 14 6 13 1 3

61	 10 15 7 13 6 14 8 12 4 5 2 3 1 11 9

69	 2 10 7 9 11 15 14 3 6 4 12 8 1 5 13

68	 14 1 15 8 3 6 5 11 2 7 10 12 9 4 13

57	 13 8 2 10 6 14 4 1 5 9 7 3 15 11 12

63	 5 8 12 15 11 3 1 14 7 9 4 2 10 13 6

64	 13 8 9 5 1 12 7 15 2 3 6 10 14 4 11

76	 10 7 9 15 11 5 12 6 3 2 8 4 1 14 13

61	 12 2 13 6 8 1 15 10 7 9 11 14 5 3 4

65	 2 11 15 4 1 13 8 12 14 5 9 7 6 10 3

72	 4 7 9 10 8 15 5 14 6 13 12 1 3 2 11

64	 8 11 14 3 1 10 4 12 15 2 9 6 13 5 7

68	 13 6 11 1 14 15 3 4 12 9 2 10 7 5 8

63	 8 7 4 12 5 11 3 2 1 14 10 6 15 9 13

58	 12 7 11 4 15 9 5 1 3 6 14 10 13 2 8

75	 4 7 9 13 5 14 3 1 11 15 10 12 2 8 6

62	 13 2 7 5 4 3 15 10 9 1 14 12 8 11 6

68	 6 4 8 12 14 3 5 2 15 7 10 13 9 1 11

72	 14 1 15 5 12 2 7 4 9 10 11 6 3 8 13

68	 10 1 11 14 12 2 9 6 15 7 5 4 8 3 13

62	 12 13 3 14 4 10 1 6 2 11 15 8 5 9 7

73	 2 4 9 8 13 14 3 5 7 1 12 15 11 10 6

74	 9 15 7 11 13 4 1 12 10 6 8 14 5 2 3

70	 2 10 8 1 11 7 12 13 15 6 3 4 14 9 5

68	 14 12 6 1 11 13 5 9 2 8 3 15 7 4 10

59	 4 3 15 7 6 1 5 12 8 13 9 2 10 14 11

72	 10 2 9 6 15 7 4 13 14 12 3 5 8 1 11

71	 3 9 7 12 2 13 10 14 4 6 15 5 11 1 8

58	 9 1 12 7 3 5 11 13 14 10 2 4 6 15 8

59	 3 13 8 1 5 7 11 6 9 10 2 12 15 14 4

63	 8 14 1 7 4 10 6 9 2 12 13 11 15 3 5

68	 4 1 6 10 3 5 15 14 9 11 12 7 13 2 8

73	 9 3 14 1 15 8 4 6 11 10 2 12 7 5 13

64	 8 11 15 5 12 10 1 14 13 6 9 4 2 3 7

62	 13 5 8 2 4 15 6 11 10 14 3 12 9 1 7

59	 12 13 6 7 5 9 3 2 15 8 14 10 1 11 4

67	 6 7 1 12 13 5 3 8 15 14 10 11 2 4 9

58	 6 2 4 12 5 3 9 15 11 14 8 7 1 10 13

65	 7 3 13 1 11 15 9 2 5 6 8 14 10 12 4

64	 13 6 9 15 11 12 10 2 8 3 7 14 5 4 1

71	 10 11 1 7 13 6 4 3 15 12 2 9 5 14 8

62	 8 2 6 7 5 12 10 3 9 4 1 14 15 11 13

64	 3 14 9 15 10 8 2 13 5 6 1 4 7 12 11

60	 8 4 12 10 14 6 2 9 7 13 15 1 3 5 11

63	 2 11 10 8 14 1 7 5 6 15 12 9 3 13 4

60	 11 1 2 4 3 7 10 6 14 13 12 15 5 8 9

59	 11 8 14 6 13 12 2 9 15 10 4 3 1 5 7

63	 3 11 9 4 7 13 5 10 2 8 6 14 15 1 12

63	 11 1 8 6 14 2 7 15 9 12 4 3 10 13 5

62	 6 15 1 5 4 3 7 13 12 9 10 14 8 11 2

71	 8 15 7 3 2 11 5 13 14 1 12 4 6 9 10

68	 8 13 12 11 14 1 
64	 8 12 11 15 2 10 4 6 9 5 14 7 1 13 3

69	 11 5 12 7 15 4 2 3 14 8 10 9 1 13 6

61	 4 2 3 5 8 11 10 6 14 9 15 13 12 1 7

67	 10 6 8 1 3 13 9 14 15 5 7 11 2 4 12

66	 7 14 13 4 12 9 5 8 2 6 10 15 11 1 3

58	 7 13 2 1 3 4 9 15 5 12 8 6 11 14 10

64	 13 6 12 5 15 14 2 4 8 3 1 11 7 9 10

58	 11 14 15 6 7 1 13 9 5 4 3 8 10 2 12

68	 5 1 8 10 7 14 6 2 3 4 13 15 11 9 12

61	 13 4 5 12 10 2 1 9 15 11 7 8 14 3 6

67	 7 5 4 1 6 11 9 14 13 8 3 15 12 2 10

67	 9 6 5 2 4 8 10 14 13 1 3 15 12 7 11

59	 8 11 14 5 15 3 9 6 12 13 7 2 1 4 10

64	 5 10 4 14 8 1 13 15 7 12 6 2 3 9 11

68	 6 2 13 3 1 14 11 7 4 9 15 8 12 10 5

60	 4 2 7 11 8 12 3 10 14 1 9 15 5 13 6

62	 8 10 5 2 9 7 12 11 4 3 6 15 1 14 13

56	 7 2 3 10 15 5 13 8 1 4 6 14 9 12 11

65	 4 2 5 10 9 7 12 15 13 6 14 3 11 1 8

54	 9 4 14 3 5 6 12 1 11 15 2 13 8 7 10

78	 3 8 7 1 10 13 14 2 5 6 11 15 9 12 4

64	 9 6 4 14 15 13 8 12 10 2 5 3 7 1 11

60	 2 11 8 12 14 15 1 7 9 13 4 6 5 3 10

67	 7 9 2 10 1 13 11 6 14 3 8 12 5 15 4

59	 11 8 1 7 15 3 10 12 5 14 2 13 9 4 6

60	 7 9 13 15 8 11 4 14 1 6 2 3 5 10 12

68	 12 10 9 1 8 15 7 11 13 6 3 14 2 4 5

59	 12 5 7 13 6 8 2 14 10 15 3 11 4 1 9

70	 14 10 6 8 3 11 2 5 1 7 9 15 12 13 4

60	 13 3 8 15 4 12 1 6 7 2 14 11 9 5 10

64	 4 1 13 12 10 14 5 8 2 3 9 15 6 7 11

61	 10 6 8 3 9 7 13 1 15 14 4 11 5 2 12

64	 13 8 14 11 10 1 5 3 12 15 9 7 4 2 6

71	 4 12 7 10 5 2 13 15 3 14 6 1 11 9 8

66	 9 8 5 3 1 12 15 7 11 13 6 10 2 14 4

73	 4 2 7 3 6 13 14 12 9 15 1 10 11 8 5

69	 11 4 2 8 12 1 14 15 9 7 5 13 6 3 10

57	 3 2 4 7 6 9 14 15 11 5 10 8 1 12 13

58	 9 14 2 1 11 10 3 5 13 12 6 15 7 8 4

65	 5 4 1 3 6 13 14 11 9 12 2 15 8 10 7

68	 3 2 9 1 12 14 15 13 11 4 7 5 8 10 6

64	 6 8 9 4 13 3 1 5 2 15 12 14 10 11 7

67	 9 14 13 2 8 6 4 11 10 7 5 15 3 1 12

67	 6 2 7 15 1 12 4 13 8 3 14 9 11 10 5

64	 3 8 14 1 12 4 10 7 5 6 2 13 15 9 11

68	 6 1 10 7 8 9 11 15 3 14 2 12 5 4 13

66	 5 14 10 1 4 7 11 8 12 15 3 13 2 9 6

63	 14 1 4 5 10 8 2 11 9 3 12 7 15 6 13

72	 2 7 11 14 3 6 13 4 12 10 15 9 8 5 1

60	 9 14 10 11 15 6 1 5 7 13 3 12 2 4 8

57	 10 9 12 3 8 15 1 5 7 6 13 11 14 2 4

68	 5 9 4 10 6 2 14 1 3 11 7 15 12 8 13

59	 3 9 12 1 8 2 5 4 10 14 15 13 6 7 11

68	 4 9 10 3 14 8 5 7 2 12 13 15 1 6 11

62	 8 12 9 10 14 4 6 15 7 1 2 11 5 13 3

63	 7 10 3 1 6 4 5 9 12 15 14 8 13 11 2

54	 10 1 9 8 15 7 11 2 3 13 14 6 12 4 5

75	 2 5 3 1 14 6 4 15 10 13 9 8 7 12 11

60	 14 3 1 13 6 9 11 10 5 8 2 4 7 15 12

61	 10 12 1 6 13 14 8 2 11 7 5 4 15 3 9

70	 11 10 13 15 6 1 9 2 12 14 4 3 5 8 7

76	 5 9 13 3 6 11 4 2 15 10 7 1 8 14 12

68	 10 4 8 5 2 12 3 1 15 13 7 6 14 9 11

68	 7 15 13 11 1 8 9 10 12 2 14 3 6 5 4

65	 4 13 2 6 11 3 14 9 15 12 8 1 10 7 5

64	 11 2 3 7 15 1 9 5 14 13 8 12 10 6 4

64	 6 2 7 15 12 4 5 14 3 10 11 9 1 13 8

61	 2 8 4 5 10 3 1 14 15 7 9 6 13 12 11

59	 12 2 15 5 9 3 7 10 4 1 11 13 14 8 6

58	 14 10 13 9 12 3 8 15 1 5 7 6 2 11 4

64	 7 9 5 1 15 14 6 12 2 13 11 10 3 4 8

80	 2 9 10 12 7 4 1 15 13 14 8 3 6 5 11

67	 11 8 3 5 9 10 2 4 6 12 7 15 1 14 13

70	 9 6 8 15 1 14 3 10 12 4 5 11 2 7 13

63	 14 7 5 9 13 8 3 2 10 6 1 15 11 12 4

73	 2 11 1 14 6 13 10 9 5 12 8 15 7 4 3

59	 9 2 14 4 12 8 13 1 5 7 3 10 15 6 11

60	 2 13 5 6 10 15 8 7 3 14 12 1 4 11 9

65	 9 15 1 6 5 10 13 12 2 14 8 3 4 7 11

62	 14 4 15 1 8 2 7 13 5 9 11 12 6 3 10

64	 5 2 15 9 11 4 14 7 3 12 8 13 6 10 1

61	 4 12 11 9 15 1 14 5 6 2 10 8 3 7 13

64	 12 2 1 10 11 5 9 7 4 14 8 13 6 15 3

68	 12 8 14 4 1 9 5 10 13 15 2 11 6 3 7

63	 8 7 15 2 10 3 9 13 1 12 5 14 4 11 6

66	 4 1 13 9 12 7 2 14 5 15 11 10 3 8 6

65	 2 13 11 12 7 1 9 6 15 14 5 4 10 3 8

63	 14 2 11 9 4 10 3 12 6 1 15 7 8 13 5

73	 4 15 7 5 2 11 12 8 9 14 6 10 1 3 13

63	 3 8 10 2 9 7 6 15 1 14 5 12 4 11 13

72	 2 5 7 6 14 15 13 9 3 8 12 1 11 4 10

66	 11 9 8 5 4 12 1 3 15 13 14 10 2 6 7

66	 13 9 15 10 5 1 8 2 12 14 3 6 11 4 7

71	 2 10 11 6 13 4 9 1 8 14 15 5 3 7 12

66	 14 9 1 11 5 10 6 2 12 13 7 3 15 8 4

63	 4 15 10 8 5 9 1 3 12 7 11 13 14 2 6

73	 5 2 10 13 6 3 14 15 1 7 9 11 12 4 8

61	 7 2 11 3 1 12 9 8 5 13 6 14 4 15 10

82	 8 9 11 2 4 15 3 14 7 6 10 13 1 5 12

61	 2 13 8 4 14 15 1 3 6 11 10 5 9 7 12

64	 4 15 1 8 5 10 3 14 6 11 12 2 9 13 7

64	 6 15 8 10 9 13 5 1 14 2 7 4 11 12 3

63	 8 7 4 9 3 10 11 6 5 2 12 15 1 14 13

64	 11 4 13 2 7 12 9 1 6 15 3 14 5 8 10

74	 8 15 3 6 14 13 11 12 1 4 10 2 5 9 7

71	 9 15 2 8 3 10 6 13 7 11 1 5 14 4 12

61	 14 13 9 11 15 8 1 6 10 5 12 4 2 3 7

66	 9 10 13 5 14 4 1 3 8 12 15 7 11 2 6

64	 13 9 10 12 4 8 15 2 3 11 6 1 14 5 7

75	 2 3 9 12 11 8 15 6 4 13 7 14 1 5 10

75	 9 15 1 8 7 11 13 3 14 5 12 6 4 2 10

68	 8 13 2 9 7 1 4 6 5 12 10 14 3 15 11

75	 2 3 11 5 7 13 15 9 10 6 12 14 1 4 8

62	 12 10 1 13 3 4 8 15 5 7 14 2 11 6 9

67	 3 8 2 10 6 1 11 9 14 12 15 5 4 13 7

62	 11 9 15 4 12 1 3 2 14 7 5 13 10 8 6

63	 4 11 6 13 5 15 8 10 12 1 3 14 9 7 2

64	 9 5 1 15 6 8 3 7 13 2 14 12 10 11 4

69	 3 15 13 9 4 8 12 2 5 7 14 11 6 1 10

64	 10 1 15 4 9 8 12 13 3 14 11 7 5 2 6

68	 14 11 8 3 7 1 5 9 13 6 10 15 12 2 4

78	 4 3 13 2 10 14 15 1 7 5 11 6 12 9 8

62	 3 1 4 10 13 5 14 15 9 12 6 7 2 8 11

60	 7 10 2 9 13 14 5 12 11 8 15 6 3 1 4

60	 2 8 5 10 12 15 11 13 7 14 6 1 3 4 9

72	 11 13 3 2 14 9 1 7 6 10 4 15 12 5 8

71	 8 6 3 1 4 10 14 2 9 5 15 13 11 7 12

62	 11 8 15 13 2 5 1 10 3 14 12 9 6 4 7

63	 9 4 3 15 11 2 10 8 13 1 6 12 5 14 7

77	 2 7 8 6 15 14 10 9 13 5 4 1 3 12 11

65	 10 13 11 14 15 7 1 2 6 9 12 3 5 8 4

71	 8 1 9 3 15 7 10 11 12 4 13 2 5 14 6

77	 5 4 8 6 3 9 12 11 15 1 14 10 7 2 13

56	 10 6 4 13 14 8 12 15 7 5 2 9 1 3 11

64	 3 1 4 12 11 13 10 9 8 6 14 2 5 15 7

76	 5 14 8 15 7 13 12 2 9 6 3 4 1 11 10

63	 10 2 6 13 1 15 4 9 14 8 3 11 7 5 12

66	 10 15 4 1 9 14 11 2 13 5 6 8 12 7 3

70	 4 2 11 13 15 8 1 7 3 9 14 12 5 6 10

64	 11 4 10 3 2 7 1 13 6 15 14 8 9 5 12

71	 6 14 3 5 1 7 10 2 4 15 8 13 11 12 9

65	 3 8 7 12 9 13 4 2 11 1 6 10 15 14 5

74	 6 1 9 12 2 13 15 11 14 7 8 10 3 5 4

68	 3 9 4 2 12 15 5 8 13 6 14 1 7 11 10

68	 4 14 8 13 6 9 2 12 7 15 11 1 5 10 3

61	 12 9 8 1 13 5 2 4 7 11 15 6 14 3 10

64	 14 12 1 13 9 15 6 3 2 7 8 4 5 10 11

64	 5 8 3 15 12 6 2 11 14 1 7 4 9 10 13

64	 13 9 2 12 10 6 5 15 3 14 7 8 11 4 1

67	 4 15 11 5 7 3 13 12 8 1 9 14 6 10 2

61	 12 15 11 13 2 4 9 1 3 6 10 14 7 5 8

76	 9 12 3 1 8 15 13 11 10 4 2 14 6 5 7

70	 8 3 1 5 14 11 10 12 6 4 15 13 2 9 7

63	 4 15 9 14 2 10 11 1 13 7 12 6 8 3 5

66	 8 7 9 6 5 4 1 3 12 13 15 14 10 2 11

59	 13 15 5 8 7 14 2 11 12 6 3 1 4 10 9

69	 5 14 15 1 12 9 10 7 8 2 4 3 13 6 11

96	 9 11 8 7 6 1 13 5 10 2 4 15 3 14 12

63	 10 13 8 14 2 9 12 6 1 5 15 11 7 3 4

60	 7 5 2 12 15 1 14 8 4 10 3 6 11 9 13

76	 13 8 1 15 14 3 2 5 12 6 7 9 4 11 10

67	 4 8 11 14 6 7 15 3 2 5 1 12 13 9 10

64	 5 3 4 8 2 15 1 14 9 12 7 11 6 10 13

64	 9 14 15 4 11 1 5 3 2 12 8 7 13 10 6

68	 7 10 3 11 12 8 6 1 2 9 14 5 15 13 4

56	 3 10 4 2 9 15 1 14 8 13 5 6 12 7 11

61	 9 3 10 14 1 15 4 6 2 8 13 12 5 11 7

65	 13 15 3 6 10 12 1 2 5 7 4 11 9 14 8

59	 11 1 5 2 14 8 10 9 12 15 6 3 4 7 13

64	 4 1 10 13 9 7 15 2 14 12 11 8 6 3 5

72	 5 1 4 12 6 11 2 8 13 3 10 7 14 15 9

64	 5 14 8 4 7 1 3 11 12 2 10 6 15 13 9

71	 3 8 15 2 4 7 12 5 6 13 1 10 11 14 9

63	 2 9 3 5 11 10 6 14 8 4 7 15 1 12 13

60	 4 14 7 9 11 13 6 5 8 3 15 10 12 2 1

59	 11 15 7 8 14 9 13 4 2 3 5 12 6 10 1

87	 14 6 13 8 2 10 12 1 7 11 9 3 4 15 5

65	 5 11 15 14 8 1 13 2 12 10 6 9 7 3 4

67	 5 15 1 14 7 11 10 8 3 9 12 2 4 6 13

69	 14 7 8 1 3 2 10 6 11 15 12 9 4 13 5

56	 5 15 7 11 9 1 4 8 14 6 13 2 12 10 3

77	 4 6 7 9 15 12 11 5 14 1 3 2 13 10 8

63	 2 15 4 8 5 3 6 9 14 1 7 12 13 11 10

55	 9 10 3 12 4 13 7 1 8 2 15 6 14 11 5

65	 2 8 3 15 10 12 1 5 9 6 4 14 13 7 11

57	 9 2 10 6 4 8 3 15 5 12 14 11 1 7 13

60	 12 6 8 7 5 1 4 2 14 15 3 11 9 13 10

62	 13 11 6 2 14 12 4 5 9 15 1 7 10 3 8

84	 8 2 10 12 14 1 13 4 9 3 7 11 15 5 6

68	 5 8 15 1 11 2 7 9 13 10 3 4 14 6 12

69	 4 14 3 12 9 2 103 2 5 3 11 15 1 9 6

57	 2 7 5 8 12 15 10 1 6 14 9 3 13 4 11

61	 12 15 9 14 7 11 3 6 1 5 10 13 8 2 4

60	 5 2 11 1 6 4 10 12 13 15 8 9 14 7 3

70	 5 12 1 8 6 7 10 11 14 2 15 13 4 3 9

75	 6 10 3 9 8 5 2 11 15 7 4 14 12 1 13

60	 13 10 1 3 14 9 5 11 4 7 12 15 2 8 6

68	 5 9 15 1 14 11 4 3 8 7 2 6 12 10 13

68	 14 10 8 9 3 2 6 1 11 15 7 5 12 13 4

61	 12 10 1 14 4 2 11 13 15 7 6 3 8 9 5

62	 10 15 11 9 5 12 6 4 7 3 2 8 1 14 13

61	 2 14 4 10 3 1 5 11 7 8 9 15 13 6 12

65	 7 1 3 4 10 12 2 6 15 8 14 13 11 5 9

69	 7 8 12 13 11 2 10 5 4 15 6 14 3 1 9

74	 8 14 7 12 1 10 5 15 3 11 6 9 2 13 4

65	 3 2 12 1 7 8 4 6 13 5 9 10 15 14 11

65	 11 7 2 12 8 9 5 1 4 15 6 14 10 13 3

63	 3 5 12 13 2 9 10 1 6 4 15 11 8 7 14

63	 12 13 5 11 10 2 8 14 1 9 6 3 7 15 4

57	 3 12 13 7 11 1 9 4 2 8 14 15 10 5 6

61	 13 14 8 6 15 5 11 3 12 9 1 10 4 2 7

60	 8 12 3 4 11 6 2 5 10 14 9 15 1 13 7

61	 6 13 5 3 9 12 2 1 4 11 7 15 14 8 10

64	 2 3 6 9 10 12 15 14 13 5 11 7 8 1 4

78	 5 9 10 15 7 1 11 13 14 3 2 4 12 6 8

61	 6 3 10 2 9 4 13 1 15 14 7 11 5 8 12

66	 8 2 7 3 5 13 11 9 15 14 4 12 6 1 10

55	 9 12 14 1 10 13 7 11 15 3 2 5 6 8 4

71	 4 15 11 9 12 1 6 5 3 13 10 7 14 8 2

68	 6 11 10 14 9 5 1 4 15 13 8 2 7 12 3

57	 6 7 13 9 12 5 14 2 4 1 15 3 8 10 11

58	 5 4 6 13 11 10 8 15 2 14 7 1 9 12 3

78	 9 6 4 15 10 1 3 2 8 13 14 7 11 12 5

64	 5 1 14 15 3 4 12 7 9 11 8 10 13 6 2

67	 12 13 5 10 6 1 3 7 11 15 2 9 14 8 4

60	 11 15 6 13 2 1 10 3 4 14 12 8 5 9 7

70	 9 11 7 15 4 5 14 13 6 2 1 3 10 12 8

55	 9 7 4 14 6 11 3 2 10 5 12 1 15 8 13

60	 9 3 2 7 15 1 10 12 14 8 4 5 13 6 11

62	 12 5 7 1 2 3 10 15 13 14 6 4 11 9 8

65	 10 11 6 1 15 5 7 14 4 12 2 8 13 3 9

65	 3 12 15 7 10 14 5 8 2 4 1 13 11 9 6

63	 3 2 10 6 8 13 15 5 7 11 14 12 1 4 9

57	 13 10 1 9 6 11 2 3 14 8 15 4 7 5 12

65	 14 11 7 4 2 9 5 1 8 12 10 13 15 6 3

64	 5 12 4 1 6 10 3 15 2 13 14 8 9 11 7

62	 7 14 5 15 10 1 4 12 8 9 13 3 2 11 6

56	 3 10 5 14 6 12 15 11 2 9 7 13 4 1 8

58	 2 12 9 10 13 1 3 15 4 14 11 8 7 5 6

62	 11 15 3 4 7 13 8 1 12 2 10 9 14 6 5

65	 8 15 10 7 13 2 9 5 12 14 1 6 4 3 11

72	 9 11 10 7 15 1 14 8 2 5 12 4 3 6 13

66	 12 15 8 7 11 1 3 10 13 2 6 4 14 5 9

72	 9 11 10 13 5 12 7 2 3 6 15 8 14 1 4

65	 11 1 15 4 5 2 8 6 7 3 9 14 10 13 12

65	 10 2 6 12 3 11 9 4 15 8 14 1 13 7 5

87	 3 11 2 4 5 6 8 1 14 12 10 15 9 7 13

58	 6 3 4 9 1 13 11 12 2 14 5 15 8 7 10

71	 7 1 8 13 15 4 9 11 5 12 2 14 3 10 6

62	 2 11 13 6 10 1 15 3 12 7 4 8 14 9 5

63	 4 14 9 11 12 13 3 7 8 5 2 15 6 1 10

63	 11 10 8 14 1 4 3 15 7 2 9 5 12 6 13

66	 14 1 2 6 8 9 5 3 10 11 7 15 13 12 4

69	 5 3 7 6 10 13 9 1 15 14 8 2 4 11 12

75	 5 9 8 2 3 1 13 6 15 14 4 12 11 7 10

67	 10 5 2 14 3 8 6 7 15 9 4 12 1 11 13

63	 2 13 15 9 11 8 12 7 1 3 14 5 6 4 10

67	 9 3 10 5 1 7 15 2 11 12 14 13 6 4 8

78	 10 15 7 3 1 8 4 6 2 11 12 14 9 13 5

69	 2 5 1 9 11 6 12 8 10 13 4 15 14 7 3

68	 11 15 5 2 7 14 8 1 13 4 3 12 6 10 9

67	 9 2 8 4 10 1 3 15 11 12 14 13 7 6 5

68	 4 8 15 6 14 2 12 5 10 9 7 1 11 13 3

64	 6 11 13 3 14 7 8 2 5 15 10 1 9 12 4

63	 8 2 12 3 4 15 1 9 11 10 6 7 5 14 13

58	 12 5 7 9 15 10 1 8 6 11 14 3 13 2 4

67	 9 7 1 4 5 8 10 15 12 11 3 2 13 14 6

65	 2 5 7 1 10 9 11 4 12 8 14 15 6 13 3

62	 7 13 14 2 5 15 4 9 8 1 3 12 6 11 10

78	 13 9 6 8 7 5 1 11 15 10 14 3 4 12 2

56	 2 12 11 9 1 10 15 8 7 5 4 14 6 3 13

65	 4 8 14 2 6 9 15 7 5 3 10 12 1 13 11

62	 14 2 12 8 3 4 1 6 10 9 13 11 5 15 7

65	 9 2 4 6 3 14 5 15 8 10 1 12 7 13 11

68	 9 2 4 11 3 15 14 1 13 6 8 5 7 12 10

66	 14 2 3 6 11 4 15 10 9 5 1 13 8 12 7

78	 9 3 4 15 11 1 12 13 2 5 14 6 8 10 7

66	 8 15 11 2 13 3 6 10 1 14 4 9 12 5 7

61	 14 11 3 4 5 6 1 2 7 12 13 15 8 9 10

65	 9 13 12 10 3 7 15 11 5 1 2 6 14 4 8

69	 9 5 14 1 6 15 8 12 11 4 2 10 7 3 13

71	 6 3 1 10 15 13 4 12 2 9 7 14 5 11 8

68	 7 3 1 2 9 13 4 14 6 12 8 5 15 10 11

62	 8 2 14 4 3 6 11 13 9 1 12 15 10 7 5

69	 4 6 1 11 13 8 12 3 15 14 5 9 10 2 7

64	 5 4 15 6 8 3 9 10 2 7 11 1 14 12 13

57	 7 8 1 13 10 12 2 9 14 15 4 3 5 6 11

63	 7 2 13 1 9 12 15 14 8 11 10 3 6 4 5

70	 11 6 10 9 14 5 13 3 7 2 8 1 15 4 12

66	 14 11 2 4 13 12 1 15 9 5 8 3 10 6 7

69	 10 13 8 3 14 5 1 9 6 7 4 11 15 2 12

70	 12 5 11 10 3 6 8 9 15 1 14 7 2 4 13

70	 10 6 12 4 1 7 15 9 5 13 14 8 11 2 3

65	 10 7 6 8 15 11 12 5 4 2 9 3 1 14 13

60	 5 3 13 2 7 6 4 9 15 1 10 12 14 8 11

70	 9 3 4 15 12 1 11 14 5 8 2 6 7 13 10

66	 5 15 8 11 10 4 2 3 13 9 12 6 1 14 7

65	 2 7 11 15 8 6 10 12 5 9 1 14 4 3 13

70	 8 5 13 7 1 10 9 2 3 15 11 4 12 6 14

68	 7 12 1 2 14 4 11 15 8 10 13 5 6 9 3

61	 4 1 12 14 9 2 7 5 13 8 6 11 3 15 10

65	 4 9 14 2 13 6 7 15 10 12 1 8 11 3 5

70	 5 8 1 6 14 4 13 2 7 12 9 15 10 11 3

58	 6 15 2 13 10 4 11 9 14 8 1 3 7 12 5

65	 12 15 3 8 4 13 11 2 1 10 5 9 7 14 6

66	 8 10 15 2 5 9 1 4 14 3 11 12 7 13 6

65	 11 9 14 13 12 15 3 10 5 4 8 1 7 2 6

72	 7 14 1 2 8 12 9 15 3 10 5 6 4 11 13

67	 10 12 3 9 5 1 11 6 15 4 8 2 7 14 13

64	 14 8 15 6 12 1 10 4 11 9 13 2 7 3 5

62	 8 4 3 5 1 12 14 10 2 6 11 7 15 9 13

66	 13 7 6 3 11 8 2 4 1 15 14 9 10 5 12

56	 8 10 11 9 2 15 5 14 7 1 4 6 3 13 12

73	 14 1 15 6 8 2 12 4 7 3 11 10 9 5 13

77	 6 2 11 14 10 13 7 1 3 4 8 9 12 5 15

65	 10 1 3 6 11 4 15 12 5 2 13 14 9 7 8

61	 10 9 15 13 7 6 4 12 1 5 2 14 3 8 11

87	 11 2 9 10 7 12 3 8 14 1 4 15 5 6 13

67	 4 15 1 9 2 8 12 11 7 6 5 14 13 10 3

65	 6 15 12 2 5 10 4 3 1 11 13 7 8 14 9

70	 13 2 10 5 15 11 12 9 8 7 4 1 3 14 6

71	 13 8 15 12 2 11 9 6 1 4 7 14 10 3 5

62	 7 15 11 5 4 1 14 12 10 8 13 6 2 3 9

64	 3 6 13 1 7 5 8 15 9 11 14 12 2 10 4

58	 12 14 8 15 7 2 3 9 1 6 11 5 10 13 4

77	 10 5 1 6 11 14 12 9 4 3 2 15 8 7 13

58	 7 2 3 11 12 4 8 15 9 10 5 13 1 14 6

66	 8 12 11 2 3 14 1 9 4 13 10 15 7 6 5

67	 8 1 12 3 14 5 4 10 11 2 15 7 6 13 9

61	 2 7 14 8 4 3 12 1 5 13 11 10 15 6 9

66	 15 5 2 11 3 10 12 13 9 7 14 6 8 1 4

69	 2 4 12 7 15 3 14 13 8 9 1 10 11 6 5

61	 3 11 9 4 10 1 2 5 8 15 13 12 14 6 7

62	 4 9 7 15 8 13 14 12 10 1 5 2 6 3 11

68	 9 7 2 3 13 8 5 4 6 1 10 15 11 14 12

58	 3 6 2 13 9 7 11 1 8 10 15 12 14 4 5

70	 8 6 1 2 14 12 13 5 15 10 9 7 11 3 4

68	 8 9 4 15 7 12 1 14 2 3 6 13 11 10 5

68	 14 1 15 9 11 12 7 13 5 6 8 10 3 2 4

60	 5 14 12 8 7 1 6 13 15 9 4 10 11 2 3

57	 2 3 7 13 9 14 5 1 12 8 15 4 6 10 11

65	 12 15 14 7 4 2 1 5 13 8 3 9 10 11 6

72	 11 10 9 4 3 15 1 14 2 8 12 6 7 5 13

71	 11 8 15 10 3 4 7 6 14 1 5 13 9 2 12

71	 10 11 12 6 9 5 3 14 13 7 15 1 4 2 8

71	 12 6 2 14 11 4 3 9 7 15 10 8 13 1 5

74	 5 1 6 7 8 13 12 10 2 14 9 15 3 11 4

61	 10 9 12 4 11 13 3 15 5 2 7 1 14 8 6

66	 11 6 4 12 5 2 10 13 15 7 9 14 8 3 1

70	 4 6 1 7 10 9 14 5 8 3 15 13 12 2 11

63	 3 14 2 4 8 11 15 13 5 9 6 1 10 12 7

63	 8 4 9 12 3 14 7 2 5 13 15 11 1 6 10

68	 7 8 2 15 10 1 4 14 11 13 5 12 9 6 3

66	 10 1 5 14 11 4 8 15 3 7 6 13 12 2 9

69	 7 13 9 12 4 15 3 1 5 14 2 6 10 11 8

73	 8 12 7 15 11 3 14 4 10 1 5 2 13 6 9

70	 3 5 11 2 6 4 10 15 9 7 8 14 1 12 13

63	 5 15 12 3 2 11 7 1 8 6 10 13 14 9 4

63	 13 6 1 14 3 11 9 10 15 2 4 8 12 5 7

55	 6 5 15 2 8 12 1 4 13 11 3 7 10 14 9

67	 9 1 14 3 6 10 5 8 12 7 4 2 15 11 13

61	 3 7 2 9 10 12 5 14 8 11 13 4 15 1 6

60	 9 3 4 14 2 15 8 7 13 6 1 12 5 10 11

59	 8 6 15 1 5 12 7 10 2 13 11 9 3 14 4

56	 4 7 10 6 9 3 8 14 15 2 5 13 1 12 11

68	 3 1 10 6 13 12 14 9 15 5 8 7 11 4 2

62	 2 12 8 15 3 1 11 6 14 7 9 5 10 4 13

62	 4 13 9 7 15 1 5 11 3 6 12 14 8 10 2

61	 4 12 1 6 9 14 15 5 2 13 7 10 11 8 3

65	 8 14 2 1 15 10 7 11 9 5 3 4 13 12 6

70	 8 6 1 14 4 15 13 7 9 2 5 12 11 10 3

64	 4 12 8 11 2 5 15 1 14 10 13 7 3 6 9

62	 2 13 10 5 3 9 1 14 11 4 12 15 6 7 8

70	 6 7 15 12 1 13 2 8 14 11 3 10 5 4 9

70	 4 9 12 6 3 7 15 5 14 11 8 1 10 2 13

58	 10 3 4 11 15 14 5 2 13 12 1 9 6 8 7

66	 8 6 13 12 9 4 2 5 15 10 3 14 11 7 1

81	 2 12 10 14 3 6 4 13 15 9 5 7 1 11 8

62	 8 15 9 13 4 12 2 6 14 3 11 10 1 5 7

72	 3 1 10 6 15 5 4 7 14 11 13 9 2 12 8

78	 6 11 2 5 14 4 15 3 7 12 8 9 1 13 10
2 7 10 5 8 15 11 13

62	 12 4 15 3 14 5 8 2 11 9 10 7 1 6 13

70	 10 3 6 7 13 9 11 12 5 15 14 8 1 2 4

61	 15 6 1 8 7 14 10 9 13 12 2 5 11 3 4

63	 4 15 11 8 3 2 9 12 10 6 7 5 1 14 13

66	 5 9 6 2 10 14 8 4 7 11 13 3 15 1 12

71	 4 6 11 5 8 3 9 7 2 14 13 10 15 1 12

59	 8 15 5 1 10 9 4 11 14 13 12 3 6 2 7

75	 5 12 14 8 10 1 6 9 7 4 15 13 11 2 3

68	 10 14 13 4 5 6 2 8 9 12 11 7 15 1 3

73	 2 7 9 15 3 5 10 4 14 11 6 13 1 8 12

63	 2 6 7 14 8 12 15 1 5 10 4 11 9 13 3

75	 5 13 4 2 9 3 8 1 7 15 14 10 11 12 6

60	 13 15 14 9 4 5 2 11 3 1 6 10 7 12 8

60	 9 3 10 12 11 1 13 15 6 7 8 14 4 2 5

76	 10 12 2 9 7 13 6 15 11 3 4 1 14 8 5

60	 3 5 2 13 8 15 9 14 1 6 11 10 7 12 4

73	 13 11 2 3 6 15 14 8 1 4 10 5 9 7 12

77	 14 6 5 13 9 7 1 12 15 8 11 2 10 3 4

75	 10 5 15 11 8 6 2 12 1 13 7 14 9 4 3

65	 14 10 2 6 13 15 12 4 9 5 11 1 8 7 3

59	 12 14 6 3 4 13 1 5 7 8 9 2 15 10 11

60	 10 1 4 9 15 5 11 6 14 12 7 3 13 2 8

75	 9 15 10 11 6 14 1 8 13 5 3 7 2 12 4

70	 2 3 6 1 11 4 14 13 9 10 12 8 15 7 5

61	 7 2 1 13 14 3 4 10 15 5 11 6 12 9 8

72	 9 14 2 7 10 11 13 15 3 12 1 4 5 6 8

65	 13 6 2 12 8 14 10 9 3 11 5 15 7 4 1

68	 7 5 9 3 15 14 8 11 4 10 2 1 12 6 13

63	 9 13 15 14 4 7 2 11 3 6 10 5 8 12 1

59	 6 15 14 2 13 7 11 10 9 12 4 1 3 5 8

61	 3 1 7 8 11 2 9 5 6 15 10 13 12 4 14

60	 15 6 2 4 8 9 13 14 1 3 11 12 7 10 5

76	 8 15 13 14 7 1 12 11 2 5 4 3 10 9 6

67	 12 6 7 15 1 4 11 5 9 10 14 3 13 2 8

62	 9 1 15 5 10 12 14 3 11 4 8 2 13 6 7

67	 6 2 11 5 12 15 9 1 8 10 14 3 4 7 13

68	 11 2 10 14 5 15 4 13 8 12 9 6 1 7 3

59	 6 7 12 4 2 3 15 14 1 5 9 11 13 8 10

62	 12 13 11 3 5 2 15 7 10 4 1 6 14 9 8

59	 13 4 12 1 15 10 7 6 8 5 9 3 14 2 11

64	 8 14 1 12 2 9 6 7 5 4 10 15 11 3 13

59	 7 4 10 13 15 1 11 5 3 8 2 9 14 6 12

75	 9 4 8 2 10 5 7 1 13 11 15 3 14 6 12

69	 2 14 7 3 10 13 8 12 9 15 5 1 11 6 4

59	 4 15 5 12 3 13 2 6 1 9 11 7 14 8 10

69	 4 1 12 14 8 2 7 3 11 10 13 6 15 9 5

70	 3 6 9 15 4 12 5 11 10 2 13 14 8 1 7

68	 5 10 4 15 7 3 13 11 9 1 12 2 14 6 8

68	 13 9 12 4 3 2 6 8 5 15 14 10 7 1 11

61	 8 13 1 9 6 10 5 15 11 14 2 12 7 3 4

56	 13 9 4 12 14 7 15 3 11 6 5 1 10 2 8

57	 10 7 5 11 8 15 1 13 2 9 14 12 6 4 3

61	 8 1 4 9 13 3 11 6 14 10 2 7 12 15 5

70	 13 10 8 1 12 15 4 9 5 6 14 11 2 3 7

55	 10 4 7 1 8 2 12 11 6 15 13 9 3 14 5

60	 12 14 11 7 8 9 15 2 10 13 6 5 1 3 4

72	 8 12 7 2 4 11 15 3 13 5 9 14 10 1 6

85	 12 1 11 13 10 6 9 8 14 3 15 4 5 2 7

66	 14 2 11 7 5 4 1 10 13 15 9 12 6 3 8

64	 2 8 11 13 4 15 3 10 12 5 14 9 1 6 7

77	 7 9 1 8 13 15 11 4 2 6 12 10 14 5 3

61	 14 8 9 7 3 2 6 11 5 13 12 4 1 10 15

67	 8 13 12 6 14 1 3 7 4 11 15 2 10 5 9

64	 6 3 2 4 14 13 12 11 1 15 5 9 8 7 10

71	 7 11 14 6 10 5 2 8 1 15 12 13 3 4 9

56	 7 13 4 11 8 15 5 10 1 12 9 3 14 2 6

79	 13 10 6 3 12 2 7 15 1 14 5 11 9 8 4

61	 13 14 10 5 8 2 6 15 1 7 4 12 9 11 3

66	 7 13 2 6 5 9 10 8 1 4 15 3 11 14 12

60	 11 15 12 5 2 13 7 14 8 10 3 1 9 4 6

61	 5 4 14 1 3 8 12 7 9 2 6 10 15 11 13

69	 3 15 8 7 12 9 5 11 1 14 10 6 4 2 13

72	 3 6 11 14 15 8 10 2 12 1 13 7 4 5 9

66	 4 5 11 8 9 15 1 14 12 7 6 2 3 10 13

59	 8 13 1 14 6 2 12 15 4 10 11 9 7 5 3

79	 5 12 6 2 7 8 11 3 13 1 9 15 10 14 4

57	 5 9 7 2 6 11 10 3 4 13 8 1 15 14 12

67	 11 2 6 9 13 5 10 4 1 15 14 3 8 7 12

71	 7 13 6 5 11 8 2 12 14 9 4 10 15 1 3

56	 2 12 6 13 1 4 10 3 5 9 8 7 14 15 11

62	 14 15 7 4 2 9 13 5 12 11 6 10 1 8 3

60	 6 4 3 10 15 11 8 14 7 12 5 2 1 13 9

61	 4 15 13 9 7 5 2 12 8 14 1 10 11 6 3

79	 2 14 5 4 7 10 3 13 11 9 1 15 6 8 12

67	 4 15 13 7 5 10 12 6 1 3 14 11 2 9 8

58	 7 13 12 4 5 2 8 9 3 14 1 11 15 6 10

71	 14 9 12 10 1 11 8 7 2 4 3 13 15 6 5

68	 11 14 3 8 15 1 6 13 10 4 2 7 12 9 5

61	 2 4 9 6 8 7 10 5 3 11 12 15 1 14 13

61	 8 3 6 7 14 12 1 5 13 2 15 9 4 10 11

72	 12 4 3 9 6 7 1 14 11 15 8 10 2 5 13

73	 2 3 11 1 14 10 12 4 9 15 5 6 7 8 13

64	 12 14 9 10 15 5 3 7 4 2 11 6 1 13 8

69	 2 7 9 5 14 11 8 10 6 3 4 13 15 12 1

68	 13 3 8 7 11 9 10 2 6 14 15 1 4 5 12

66	 8 9 12 11 2 14 15 13 7 1 5 4 3 10 6

75	 2 6 3 11 10 12 15 1 14 9 8 13 7 5 4

67	 5 8 2 3 12 9 10 6 14 11 7 13 15 1 4

74	 12 3 10 7 2 6 14 5 9 15 4 11 1 8 13

71	 13 2 5 12 14 3 9 10 1 7 15 11 6 4 8

64	 12 3 14 4 8 9 11 7 2 15 6 5 1 13 10

72	 11 15 6 4 10 8 7 3 1 14 12 5 2 9 13

68	 9 11 15 8 3 12 10 1 14 7 6 2 13 4 5

61	 5 9 13 11 12 15 1 14 6 2 7 8 3 10 4

75	 15 4 5 2 3 11 6 9 12 14 10 13 1 7 8

67	 10 8 9 11 13 7 1 2 12 3 4 14 15 5 6

65	 7 13 1 6 15 5 4 10 14 2 8 11 3 9 12

59	 8 1 6 5 15 10 2 9 12 14 3 13 11 4 7

64	 3 6 12 9 14 1 11 15 4 2 7 8 5 10 13

62	 11 1 14 8 5 15 7 9 13 6 4 2 12 10 3

80	 12 14 1 15 2 13 11 3 9 5 6 7 10 8 4

63	 11 5 15 13 4 7 3 8 2 12 6 14 1 10 9

71	 5 15 12 3 2 1 14 4 10 11 9 13 8 6 7

60	 6 4 11 15 2 8 1 14 5 7 3 9 12 10 13

66	 7 8 1 10 2 11 6 12 14 15 9 4 13 5 3

65	 12 15 7 4 14 2 5 10 13 8 6 9 11 1 3

60	 7 5 6 1 8 13 9 15 10 12 2 11 3 14 4

70	 9 10 3 1 13 11 15 5 7 8 6 4 2 14 12

75	 4 3 6 2 7 10 14 11 5 12 15 8 1 9 13

62	 4 3 5 7 12 15 8 2 9 10 6 11 14 1 13

65	 3 5 9 4 10 14 13 8 2 11 1 15 6 7 12

82	 3 15 11 9 2 8 13 5 1 6 7 14 12 4 10

79	 4 7 11 12 14 10 15 3 2 6 1 8 9 13 5

64	 8 1 12 6 3 5 2 4 11 13 7 14 9 15 10

82	 3 2 7 1 13 14 5 4 15 10 6 12 11 9 8

57	 3 15 10 8 7 9 12 6 4 11 14 2 1 13 5

59	 13 10 3 8 6 15 1 11 4 14 2 7 9 5 12

65	 8 1 14 7 12 4 11 2 6 10 9 13 5 15 3

62	 7 2 9 13 5 14 3 15 4 12 1 11 6 8 10

61	 11 3 12 4 14 2 15 1 7 10 13 6 8 9 5

72	 12 4 6 10 2 11 15 8 5 14 3 9 1 13 7

58	 14 15 13 11 3 8 9 6 2 1 12 10 5 4 7

59	 13 6 4 5 2 11 8 7 3 15 1 14 12 10 9

65	 9 8 2 10 6 1 11 15 13 12 5 3 4 14 7

64	 13 12 3 5 1 11 6 2 15 4 10 9 14 8 7

71	 14 9 8 4 10 5 15 12 3 1 11 2 13 7 6

65	 11 8 5 6 9 13 4 1 7 14 3 15 12 2 10

64	 12 9 1 11 8 10 6 13 15 2 5 14 3 7 4

67	 2 5 10 12 8 7 1 11 3 9 14 13 15 4 6

67	 3 14 7 9 13 2 12 8 1 10 11 6 5 15 4

69	 13 8 7 11 15 3 14 12 4 6 1 5 10 9 2

66	 11 7 6 14 5 1 15 8 9 10 13 3 12 2 4

63	 3 13 7 12 8 9 10 11 2 6 1 4 14 15 5

62	 5 11 3 13 9 6 12 14 7 1 4 15 8 2 10

77	 13 10 15 8 6 1 2 14 3 9 5 12 7 11 4

58	 14 11 2 8 7 3 6 15 9 1 12 13 5 10 4

65	 8 15 6 4 10 1 3 14 7 2 11 12 5 9 13

67	 4 3 14 8 12 6 1 10 15 5 7 11 13 2 9

57	 11 9 3 8 5 1 15 7 14 12 4 6 2 10 13

68	 8 4 12 15 3 6 13 9 11 1 14 5 10 2 7

61	 2 11 10 6 4 5 15 9 7 1 14 3 8 12 13

58	 14 10 13 1 8 6 5 2 9 4 7 3 12 15 11

58	 7 3 5 2 9 13 8 4 15 12 1 6 14 10 11

69	 4 3 2 13 7 5 15 10 6 14 8 12 11 1 9

59	 2 3 10 4 13 5 8 14 6 15 11 12 1 9 7

64	 14 4 3 2 8 13 15 1 9 6 7 10 12 5 11

58	 14 6 1 9 4 5 7 12 8 2 3 13 15 11 10

67	 3 13 6 14 5 11 4 10 9 2 15 12 1 7 8

65	 2 12 10 7 8 3 6 1 15 13 9 14 5 4 11

63	 7 9 12 14 2 3 6 1 8 13 15 5 4 10 11

65	 8 13 10 2 9 11 4 3 1 12 7 5 14 15 6

65	 11 14 15 8 7 1 13 2 10 5 3 12 9 6 4

70	 12 10 11 6 15 2 8 1 13 9 5 14 4 7 3

68	 3 4 14 9 1 7 12 13 6 8 5 10 15 11 2

65	 12 8 7 6 4 14 15 11 9 1 13 5 10 2 3

66	 13 4 1 8 6 15 9 7 11 2 10 5 12 14 3

60	 4 6 13 10 5 1 12 2 11 3 8 14 7 15 9

60	 2 10 11 15 12 1 6 5 3 9 14 7 13 4 8

71	 13 1 3 9 6 8 15 11 2 5 10 7 14 4 12

70	 10 4 11 2 3 5 12 6 9 7 8 15 1 14 13

60	 4 9 12 10 11 14 15 5 6 7 1 13 2 3 8

61	 4 14 1 5 3 7 15 11 13 9 8 12 10 2 6

67	 4 8 3 9 1 12 7 11 14 2 13 15 10 6 5

57	 12 2 6 8 5 10 4 15 7 14 3 9 1 11 13

82	 3 1 7 10 14 13 8 9 5 6 15 12 2 11 4

64	 12 2 6 13 14 4 15 11 9 1 3 8 10 5 7

65	 15 3 2 12 8 4 5 13 7 11 1 6 9 14 10

65	 6 15 13 9 14 7 12 8 11 5 1 3 2 4 10

65	 10 15 9 13 1 6 2 7 14 4 8 11 3 5 12

60	 10 12 13 4 6 7 5 9 14 11 15 2 8 1 3

58	 8 14 2 7 6 5 3 9 11 10 13 12 15 1 4

63	 10 4 7 2 3 13 15 1 8 11 5 14 9 12 6

68	 6 5 1 8 10 3 2 14 4 13 9 7 15 11 12

64	 10 3 2 7 11 12 8 5 9 4 6 15 1 14 13

66	 11 1 3 14 8 6 12 13 4 7 5 15 9 10 2

66	 12 9 3 10 15 14 1 8 11 7 13 2 6 5 4

62	 7 14 10 15 5 12 8 4 1 13 3 2 6 9 11

75	 4 13 10 14 2 12 9 6 15 7 1 11 3 8 5

72	 8 11 6 3 12 13 2 14 9 5 10 15 1 7 4

58	 6 11 5 13 3 10 4 1 15 8 12 9 14 2 7
15 7 5 2 4 3 10 9 6

63	 14 2 11 5 4 1 6 10 15 8 12 9 3 13 7

70	 11 8 3 15 6 1 5 14 12 4 13 7 2 9 10

65	 10 2 11 4 6 15 3 8 7 9 5 1 14 12 13

70	 3 12 2 7 9 8 4 14 13 10 15 11 1 6 5

78	 9 1 10 3 7 4 13 2 12 8 15 11 14 5 6

64	 2 12 4 9 11 8 5 1 6 14 13 10 3 15 7

68	 2 4 3 6 9 12 5 14 10 7 11 13 15 1 8

75	 8 6 11 1 15 14 9 13 2 5 10 4 7 3 12

66	 11 7 6 4 8 15 13 5 1 12 14 2 10 3 9

68	 2 5 14 9 12 15 7 1 6 13 4 11 10 3 8

60	 8 3 12 5 15 10 9 13 2 11 6 1 4 14 7

64	 12 10 6 13 5 9 11 4 15 14 3 2 1 7 8

89	 5 10 4 9 3 8 14 13 11 6 2 15 7 1 12

74	 7 2 13 14 9 11 6 4 1 15 12 8 10 5 3

67	 6 9 14 4 3 2 5 11 12 10 7 1 13 15 8

73	 6 2 12 8 1 3 13 9 4 5 7 15 14 11 10

70	 12 2 3 15 4 6 8 10 7 9 5 14 1 13 11

67	 12 13 1 5 7 4 2 9 6 15 14 11 8 3 10

65	 7 4 9 14 5 6 10 11 2 8 3 15 1 12 13

61	 12 2 7 4 10 8 13 6 9 14 15 11 1 5 3

65	 6 14 4 12 5 9 2 3 10 8 7 1 15 13 11

62	 7 6 14 15 1 13 5 11 12 4 9 3 2 8 10

71	 6 14 1 12 8 3 5 2 7 4 15 11 9 10 13

64	 11 8 13 12 4 3 2 5 7 6 9 14 15 1 10

60	 2 9 14 1 10 15 11 8 5 4 7 3 6 13 12

74	 11 7 8 3 1 14 2 12 5 4 10 6 15 9 13

70	 10 14 7 9 11 2 5 13 1 3 15 4 8 6 12

70	 4 15 1 14 8 12 9 3 5 7 11 2 6 10 13

59	 4 14 7 13 3 15 12 10 6 8 1 2 9 5 11

58	 5 4 12 14 2 6 11 13 15 10 1 8 7 3 9

64	 12 15 8 3 1 14 6 4 10 2 7 11 13 9 5

67	 2 12 10 3 9 15 13 14 11 7 1 4 5 8 6

60	 11 3 8 10 4 7 15 9 1 5 14 13 6 2 12

60	 9 7 8 15 5 13 12 2 14 1 4 6 11 10 3

62	 2 10 1 6 9 12 4 13 14 3 11 15 5 8 7

67	 6 13 3 7 10 11 2 4 12 1 8 14 5 15 9

65	 11 6 3 5 4 14 13 2 15 7 10 8 9 1 12

60	 4 8 7 11 9 15 10 12 1 6 14 5 2 13 3

68	 9 12 8 1 7 2 4 3 5 14 10 13 6 11 15

75	 3 14 6 4 15 10 9 1 13 11 2 7 8 5 12

66	 3 10 4 2 7 1 8 12 15 9 6 11 14 13 5

62	 2 4 14 10 1 12 5 7 15 11 13 3 9 6 8

76	 8 9 13 14 4 3 1 6 10 15 2 7 12 5 11

64	 10 7 14 15 5 2 8 9 13 3 6 1 12 11 4

63	 7 15 6 12 5 11 8 3 9 13 14 10 1 2 4

63	 7 5 12 4 9 10 3 6 2 1 11 15 13 14 8

66	 12 9 2 6 4 14 7 5 8 1 15 13 3 10 11

66	 10 9 12 5 14 3 11 15 2 4 8 6 1 7 13

66	 2 10 7 1 8 9 15 6 4 14 13 12 5 11 3

59	 6 4 13 3 2 8 5 12 15 7 10 11 9 1 14

67	 6 8 7 12 3 9 13 15 4 11 14 5 1 10 2

68	 3 4 8 10 5 14 2 7 15 11 1 6 13 9 12

68	 2 4 14 13 12 9 15 10 7 8 3 5 11 1 6

65	 6 5 1 4 12 7 2 8 14 15 3 11 10 13 9

67	 10 9 3 14 2 1 5 4 6 8 13 11 15 12 7

69	 11 15 6 7 12 8 9 13 4 5 2 1 10 14 3

63	 3 8 10 2 11 5 7 15 1 14 9 12 6 4 13

63	 8 7 12 3 9 15 4 5 14 6 11 1 13 10 2

62	 2 15 5 13 4 8 12 6 1 3 11 14 7 9 10

60	 4 7 2 12 5 10 9 15 3 14 11 8 1 6 13

80	 2 13 11 12 9 8 3 15 10 6 14 7 4 1 5

61	 12 10 2 13 3 9 14 8 15 5 6 7 4 1 11

67	 7 15 5 4 9 14 10 8 1 3 11 12 13 2 6

64	 12 14 9 15 1 3 6 10 7 8 2 13 11 5 4

61	 12 6 7 15 11 1 9 5 14 8 4 13 2 10 3

84	 10 1 8 14 15 2 12 4 6 3 13 11 5 9 7

71	 14 10 9 2 4 13 11 3 1 5 12 15 7 8 6

63	 3 15 11 6 2 8 13 10 1 12 9 14 5 4 7

64	 15 5 12 7 4 9 2 10 3 6 13 11 14 1 8

58	 11 3 7 15 6 8 10 14 1 4 2 9 12 5 13

62	 2 12 6 14 11 8 7 15 4 1 10 13 3 5 9

68	 2 4 11 6 1 13 8 15 12 5 7 3 9 14 10

68	 14 12 9 1 8 6 15 13 5 11 4 7 10 2 3

59	 11 10 1 15 12 5 8 7 4 3 2 14 6 9 13

64	 3 2 14 13 5 7 1 11 9 12 8 10 15 6 4

60	 8 14 6 2 4 3 15 11 12 5 9 13 10 7 1

61	 7 11 4 15 10 5 6 12 3 2 8 14 1 9 13

67	 10 1 13 8 7 14 5 2 6 12 15 9 4 3 11

63	 13 6 15 5 1 3 9 14 2 4 12 11 10 8 7

65	 14 4 2 8 1 7 13 10 12 9 3 15 11 6 5

61	 2 12 10 9 3 5 15 1 7 6 11 13 14 8 4

58	 11 3 12 14 9 7 15 2 8 1 4 6 13 5 10

71	 9 7 10 1 13 2 15 5 11 8 12 3 6 14 4

65	 5 10 9 6 12 1 11 13 8 7 2 14 15 3 4

62	 9 2 4 14 5 11 13 10 7 12 8 15 1 3 6

64	 14 12 7 11 2 8 1 5 3 4 6 15 10 13 9

74	 12 4 7 2 11 10 14 6 15 5 8 3 1 9 13

71	 2 3 8 4 13 1 12 14 9 5 6 10 15 7 11

61	 4 2 13 12 10 15 11 7 8 3 14 5 9 1 6

64	 3 13 6 14 1 12 5 7 2 10 11 15 4 8 9

71	 4 14 1 11 8 2 13 7 6 10 5 12 15 3 9

62	 14 12 1 7 13 9 8 15 3 6 4 10 2 5 11

56	 4 9 13 14 6 1 8 15 3 12 10 5 11 2 7

63	 7 15 9 13 3 14 2 11 1 6 8 10 5 4 12

63	 14 15 4 13 10 11 2 8 6 7 12 9 1 3 5

61	 10 14 6 5 11 12 1 7 15 3 9 13 2 4 8

65	 12 6 3 9 1 7 4 15 8 13 14 11 10 5 2

68	 5 7 12 9 10 2 8 15 11 4 1 14 6 3 13

69	 8 1 3 4 12 10 14 2 15 5 9 7 13 11 6

64	 3 2 4 15 13 10 1 6 14 12 5 9 11 7 8

58	 14 7 5 10 8 2 15 11 1 12 6 9 4 13 3

65	 6 12 3 10 11 15 2 5 14 8 7 13 9 1 4

66	 3 8 10 7 4 14 1 15 12 9 5 2 11 6 13

57	 11 6 1 13 9 2 8 12 10 4 3 14 5 15 7

66	 13 15 2 14 9 6 3 4 11 1 12 10 7 5 8

60	 6 10 8 1 12 5 15 13 11 9 14 7 3 2 4

60	 4 6 9 3 7 13 15 14 11 2 12 10 8 1 5

60	 14 6 1 2 7 11 13 4 9 5 10 12 15 8 3

58	 15 7 9 11 14 12 5 6 1 4 13 3 8 10 2

67	 6 9 15 10 2 3 1 11 14 12 5 4 8 13 7

63	 2 6 15 11 5 12 9 4 14 1 7 10 8 3 13

68	 4 6 2 5 15 8 10 13 1 9 3 14 7 11 12

78	 7 6 14 9 3 12 8 5 15 1 13 2 11 10 4

65	 9 3 14 11 6 2 1 15 7 12 4 13 8 5 10

73	 10 9 15 5 11 14 2 13 12 4 1 7 8 3 6

82	 4 10 14 3 13 15 5 7 1 9 12 11 8 2 6

71	 13 15 3 6 11 2 4 14 5 10 1 7 8 12 9

61	 4 10 9 11 7 1 12 8 2 13 3 6 15 14 5

62	 10 12 9 3 14 5 6 15 4 11 8 13 2 1 7

59	 2 13 12 8 1 10 5 14 9 6 4 15 7 3 11

63	 4 14 8 12 5 1 10 3 15 13 6 2 11 9 7

63	 10 3 9 4 15 12 1 13 14 5 6 2 8 11 7

59	 7 12 8 14 1 9 2 13 6 4 11 5 10 3 15

60	 8 12 9 14 7 4 15 13 3 2 5 1 6 11 10

67	 8 10 1 4 15 6 14 2 7 11 9 13 5 12 3

66	 13 11 8 15 10 1 14 5 3 12 4 6 2 7 9

70	 2 9 13 8 10 3 15 11 6 14 7 5 12 4 1

72	 7 10 9 2 3 14 4 12 11 15 8 1 5 13 6

58	 5 8 14 4 6 7 13 3 12 15 1 9 11 2 10

68	 13 2 11 14 9 6 10 1 15 5 3 8 7 4 12

64	 11 8 9 5 15 1 10 13 2 7 12 3 4 14 6

60	 13 4 2 9 10 8 15 11 7 14 5 1 3 12 6

70	 9 5 12 8 2 6 4 7 10 3 1 14 15 11 13

70	 11 13 1 14 4 8 3 12 10 2 7 9 15 5 6

68	 5 12 13 7 15 11 1 8 6 4 2 9 3 10 14

64	 2 5 7 4 8 6 15 10 12 3 13 14 1 9 11

78	 3 4 6 9 11 12 8 15 1 14 10 7 5 2 13

71	 4 7 1 12 5 6 11 15 10 14 8 3 2 9 13

77	 14 8 11 2 3 10 9 7 13 1 6 15 5 4 12

69	 10 3 12 14 2 11 4 13 1 9 7 8 15 5 6

63	 3 14 2 9 5 8 13 12 11 6 1 15 4 10 7

60	 9 3 15 6 1 5 2 14 13 4 11 12 10 8 7

54	 8 10 7 14 2 15 11 4 12 9 6 13 3 1 5

62	 4 8 1 3 11 15 12 5 10 9 14 7 6 13 2

69	 15 10 4 1 14 12 6 5 11 7 8 2 9 13 3

65	 4 14 12 9 15 1 8 6 10 11 2 3 7 5 13

59	 9 12 6 2 10 3 11 4 5 15 8 14 13 1 7

57	 8 11 6 1 3 15 12 7 13 4 2 14 5 9 10

75	 5 2 9 11 6 10 1 8 13 12 15 7 4 14 3

67	 15 8 6 4 12 7 1 13 14 11 10 2 5 9 3

78	 7 4 10 14 6 1 8 5 12 2 3 13 15 9 11

56	 3 8 12 15 5 9 11 10 4 2 13 6 7 1 14

64	 8 14 3 9 10 13 12 2 5 15 1 7 11 6 4

60	 2 3 14 7 8 12 1 15 9 5 10 13 6 11 4

66	 7 1 15 14 13 9 8 11 5 3 10 4 6 2 12

73	 8 4 5 10 12 11 9 14 15 6 3 2 1 13 7

55	 5 7 14 10 4 6 15 13 3 11 9 1 12 8 2

74	 15 4 2 6 3 14 12 13 9 1 7 10 11 8 5

57	 8 9 14 3 1 11 2 6 13 12 4 10 15 7 5

73	 3 2 7 9 4 14 8 6 10 5 13 11 1 12 15

59	 6 12 5 7 14 3 4 11 1 9 15 10 8 2 13

63	 8 15 11 7 14 1 6 4 5 9 10 12 3 2 13

67	 11 1 4 10 5 7 9 14 6 3 2 13 15 12 8

65	 3 2 12 10 13 15 14 8 1 7 11 5 9 4 6

74	 6 3 12 14 11 7 9 10 13 2 8 5 15 1 4

60	 11 12 5 10 2 7 9 13 14 15 4 1 6 8 3

79	 2 4 5 7 9 6 3 8 14 12 13 15 1 10 11

62	 5 11 9 15 14 1 8 3 2 12 6 7 10 13 4

73	 11 1 15 4 10 13 8 7 9 14 3 6 2 12 5

65	 2 11 3 6 1 12 14 9 10 5 8 4 15 7 13

64	 8 15 7 2 9 1 11 10 12 6 13 5 14 3 4

61	 7 15 2 12 4 11 5 1 6 13 9 8 10 14 3

69	 9 15 13 2 14 8 11 6 10 12 1 4 3 7 5

93	 9 10 5 13 1 15 7 12 11 14 6 2 8 4 3

65	 13 6 14 11 5 7 4 15 9 1 2 8 10 3 12

66	 2 11 1 15 5 13 7 4 6 8 14 10 9 12 3

63	 10 7 3 13 9 11 4 8 12 6 2 14 5 1 15

63	 8 12 5 2 3 13 11 4 1 14 6 9 7 15 10

66	 14 11 8 15 12 6 4 13 1 7 3 2 9 5 10

67	 7 6 1 13 9 11 4 3 12 14 2 15 8 5 10

75	 2 10 4 15 11 9 12 1 7 14 3 13 6 5 8

64	 3 1 4 12 5 14 7 15 8 9 6 13 11 10 2

66	 6 1 14 4 10 3 9 2 12 13 8 11 15 7 5

62	 8 9 7 13 4 15 11 10 5 2 6 1 3 14 12

68	 4 12 2 8 3 9 1 7 5 15 11 13 10 14 6

63	 6 10 1 3 11 2 12 7 4 9 14 13 5 15 8

65	 8 15 9 12 4 7 11 10 2 13 3 1 6 14 5

69	 10 13 8 12 6 9 1 4 15 7 2 11 5 14 3

59	 12 3 6 2 13 7 9 8 15 4 1 14 5 11 10

65	 10 14 9 15 12 13 8 1 6 11 3 2 5 7 4
 8 1 15 13 7 5 6 11

63	 10 13 9 2 5 12 6 7 15 4 14 3 1 8 11

70	 5 4 13 14 3 2 8 15 11 6 9 7 10 1 12

69	 2 5 13 8 12 6 4 1 3 15 11 10 7 14 9

60	 9 15 12 7 6 13 2 4 3 14 8 11 10 1 5

67	 10 12 2 13 5 1 4 15 6 8 9 14 11 7 3

74	 14 5 1 7 6 15 2 10 9 13 3 11 8 4 12

57	 10 8 11 15 9 7 6 1 14 4 5 12 13 3 2

75	 4 7 11 2 1 15 9 14 12 8 5 13 10 3 6

71	 13 4 9 2 7 15 11 6 3 12 1 10 14 5 8

76	 3 4 15 2 12 8 11 14 6 1 13 5 10 7 9

62	 2 5 4 14 9 10 6 15 11 13 3 8 1 12 7

76	 8 2 10 4 13 5 3 7 15 6 9 1 11 14 12

66	 7 2 5 11 6 10 3 8 9 4 13 1 15 14 12

60	 14 8 12 15 11 9 1 4 10 2 5 3 7 13 6

62	 15 10 12 1 13 6 7 3 9 5 2 8 14 4 11

56	 14 8 11 3 12 9 15 10 13 1 4 2 6 7 5

68	 3 5 12 10 9 8 11 2 13 1 6 7 15 14 4

61	 7 13 11 10 6 1 15 8 12 2 4 3 14 9 5

62	 3 6 2 13 14 4 15 7 1 5 10 8 9 11 12

63	 15 4 9 7 6 2 14 8 13 12 3 1 11 10 5

66	 12 6 15 8 10 14 13 9 7 3 1 5 2 11 4

67	 7 5 3 9 10 14 6 15 13 2 8 11 1 4 12

57	 2 6 3 7 12 13 14 5 11 8 15 1 10 9 4

67	 8 1 12 9 3 6 15 5 7 13 11 14 10 2 4

89	 14 1 13 9 6 10 8 15 3 11 12 4 2 5 7

56	 7 3 9 12 15 5 14 2 10 8 1 11 6 13 4

67	 10 7 15 1 4 3 14 12 11 5 6 9 2 13 8

57	 9 14 6 11 8 5 1 13 10 2 15 3 4 12 7

72	 6 13 15 12 5 2 8 7 11 3 4 1 10 14 9

70	 11 15 1 7 13 8 3 14 6 10 5 4 2 12 9

68	 10 5 12 11 6 14 4 9 7 2 3 15 1 8 13

83	 7 2 8 4 12 1 13 14 3 10 6 5 15 9 11

61	 11 14 1 8 7 3 15 10 13 6 12 9 2 5 4

65	 2 4 14 8 6 3 10 7 9 13 1 11 15 5 12

60	 13 1 7 15 11 5 6 10 12 3 9 2 14 4 8

62	 7 13 9 11 1 15 5 14 10 3 12 8 6 4 2

64	 12 2 15 7 4 14 6 3 13 11 9 5 10 1 8

65	 4 14 5 9 15 6 11 7 13 10 2 3 12 1 8

68	 11 4 13 12 9 10 14 15 1 7 6 5 3 2 8

63	 11 5 2 10 8 15 13 12 14 3 7 9 6 1 4

62	 3 7 4 8 2 1 12 10 5 14 11 6 15 9 13

66	 5 10 7 8 9 1 13 14 11 3 2 15 4 6 12

55	 4 5 14 2 9 13 3 11 15 8 12 1 10 7 6

68	 3 6 5 7 4 2 9 1 12 15 8 14 10 13 11

64	 14 1 4 12 6 9 3 7 2 5 15 11 10 8 13

66	 14 1 7 8 9 15 11 3 4 5 12 2 6 10 13

68	 2 14 8 12 3 1 4 10 9 13 11 6 15 7 5

62	 3 6 8 7 14 9 11 10 1 5 12 2 15 13 4

58	 5 3 6 4 2 9 1 11 12 7 15 14 13 8 10

67	 6 3 12 8 5 2 4 9 11 10 7 15 1 14 13

62	 15 8 13 14 12 4 5 7 1 11 3 9 2 10 6

59	 9 11 13 3 8 5 15 6 7 4 1 14 10 12 2

66	 3 10 12 7 9 14 8 15 4 13 6 2 1 11 5

74	 8 2 6 13 12 14 9 11 3 15 10 7 4 1 5

82	 4 15 12 7 5 10 3 14 6 8 13 1 11 2 9

68	 12 3 8 7 11 5 2 6 1 15 13 14 4 9 10

59	 10 15 7 13 6 2 3 14 12 5 11 9 1 4 8

55	 5 1 7 2 10 12 11 4 13 8 6 3 15 14 9

62	 14 1 9 7 6 13 15 4 8 3 11 2 12 10 5

66	 2 6 10 11 13 12 15 3 9 7 1 5 14 4 8

65	 10 5 4 8 11 15 3 14 13 6 9 2 7 1 12

71	 11 12 4 7 15 13 1 2 5 8 10 6 3 14 9

61	 12 5 14 10 13 15 8 11 4 9 1 3 2 6 7

61	 5 15 12 11 3 8 4 1 14 9 13 7 2 6 10

67	 4 1 15 13 9 6 14 12 10 3 2 7 5 8 11

67	 8 2 12 6 9 7 3 14 5 10 13 15 1 4 11

60	 6 12 9 4 1 10 11 15 8 5 14 3 7 13 2

70	 11 13 3 9 1 2 14 7 4 15 6 12 8 5 10

79	 13 6 3 8 4 15 1 12 2 10 5 14 9 7 11

66	 8 14 15 1 11 2 5 4 12 7 13 9 3 6 10

73	 8 11 2 4 7 6 10 13 5 1 15 14 9 3 12

62	 2 8 7 13 1 11 10 3 5 4 9 6 15 14 12

56	 8 5 1 15 12 6 11 7 9 4 10 14 3 13 2

58	 5 2 8 7 3 9 10 15 14 11 1 12 13 4 6

63	 8 9 14 5 4 13 6 12 7 15 1 11 10 3 2

57	 5 13 3 15 12 1 9 2 6 14 7 10 11 4 8

56	 8 12 7 2 10 3 11 4 5 6 9 15 1 14 13

58	 9 1 11 15 3 13 4 10 5 7 6 2 14 8 12

62	 9 11 1 3 7 8 10 2 12 15 4 13 14 5 6

70	 2 10 15 4 13 11 3 1 5 14 7 9 12 6 8

77	 10 5 6 15 14 11 7 13 2 12 1 8 4 3 9

63	 5 15 2 14 6 13 10 1 11 7 4 12 3 9 8

62	 2 3 5 8 10 11 12 4 15 14 6 13 1 7 9

64	 11 15 14 8 13 5 1 9 12 7 3 6 2 10 4

59	 10 1 8 11 13 4 15 9 14 7 2 6 5 3 12

73	 9 1 15 5 6 7 4 10 13 14 11 8 3 2 12

58	 14 9 2 15 4 10 6 5 1 12 3 7 8 11 13

68	 5 3 1 13 2 15 14 8 7 10 4 11 9 6 12

67	 9 11 15 10 7 14 12 8 3 5 1 4 13 2 6

57	 10 13 5 15 14 6 9 11 1 4 12 2 8 7 3

62	 2 14 9 8 1 4 13 7 15 12 3 6 11 5 10

64	 12 4 5 14 1 3 15 13 8 2 6 10 11 7 9

57	 3 12 5 1 14 9 2 13 11 6 4 7 8 15 10

60	 5 2 13 14 8 4 12 3 6 1 9 15 10 11 7

61	 6 14 12 10 2 13 8 1 11 4 15 3 7 9 5

61	 6 14 5 15 8 10 12 13 4 9 7 2 11 1 3

81	 9 2 14 3 6 1 15 4 12 5 13 8 11 7 10

70	 13 2 7 15 5 8 14 1 4 12 11 9 3 10 6

63	 3 7 2 9 4 1 11 15 8 14 5 6 12 13 10

73	 5 14 1 3 10 12 2 13 8 7 9 11 4 15 6

65	 10 11 12 3 4 8 1 13 5 7 14 9 15 2 6

91	 4 5 1 3 6 14 11 7 10 12 15 2 13 8 9

68	 2 10 9 13 14 12 5 15 3 6 11 8 1 7 4

68	 3 12 2 6 15 10 1 9 7 4 13 5 14 11 8

72	 11 6 3 1 2 13 9 14 7 8 10 15 5 12 4

66	 11 9 8 14 6 15 13 7 12 1 5 10 3 2 4

68	 8 3 14 5 13 2 7 9 10 11 6 15 12 1 4

65	 13 1 2 5 6 7 12 15 4 11 3 8 9 14 10

66	 9 7 10 5 15 11 3 6 8 2 4 12 1 14 13

57	 10 3 12 5 7 1 4 8 6 13 15 14 2 9 11

72	 5 7 1 13 10 15 3 11 2 9 14 6 8 4 12

66	 9 3 4 8 14 13 12 10 2 5 1 7 15 11 6

57	 14 1 9 15 12 13 10 6 5 2 8 4 3 7 11

66	 9 3 12 8 11 4 5 1 6 7 15 10 14 13 2

69	 3 14 12 11 5 9 10 6 2 4 1 7 15 13 8

58	 4 5 2 10 3 6 15 8 1 14 13 9 11 12 7

68	 6 2 1 15 13 14 4 12 5 7 10 8 9 3 11

71	 15 6 5 10 1 11 8 7 14 12 13 4 9 3 2

66	 11 15 13 6 8 14 3 2 7 12 5 4 1 10 9

77	 7 9 6 1 8 13 10 12 14 2 5 11 15 4 3

74	 2 13 15 9 11 4 5 10 7 14 3 8 12 1 6

68	 4 12 9 13 15 6 10 14 11 8 7 1 3 2 5

62	 3 6 7 15 12 9 10 11 5 2 13 1 4 14 8

60	 6 10 7 4 9 2 8 3 15 13 14 11 12 1 5

60	 3 4 15 8 7 11 5 9 10 1 14 6 12 13 2

75	 12 15 5 6 4 7 10 1 3 14 9 13 8 11 2

73	 9 2 12 15 5 14 6 11 10 8 13 7 3 4 1

64	 2 9 5 14 1 15 4 6 7 12 8 10 11 3 13

61	 12 15 9 7 1 11 6 13 14 2 4 5 10 8 3

63	 3 1 9 5 14 7 2 11 15 12 4 8 13 6 10

63	 2 4 5 10 12 15 1 13 9 14 6 8 3 7 11

60	 14 11 4 15 7 5 13 3 1 10 2 6 8 9 12

61	 5 3 7 10 4 9 6 12 8 2 1 14 11 15 13

73	 9 7 11 3 1 14 15 8 12 2 6 5 13 10 4

68	 6 11 12 8 5 2 14 1 13 3 10 7 15 9 4

55	 11 1 10 7 12 6 2 8 3 15 13 5 14 9 4

60	 11 12 4 6 9 2 7 10 8 1 14 15 3 5 13

73	 7 4 15 1 11 14 3 8 10 12 2 9 13 6 5

57	 4 13 3 15 6 1 5 11 2 10 14 9 12 7 8

62	 8 11 7 15 14 5 1 10 6 3 13 4 12 9 2

69	 9 1 13 11 14 4 7 15 6 3 10 12 2 5 8

70	 4 7 11 6 10 15 9 3 2 1 14 12 8 5 13

65	 6 12 9 11 10 2 3 5 1 14 15 7 13 4 8

62	 5 8 11 10 2 7 6 3 12 4 9 15 1 14 13

62	 14 2 11 13 7 6 15 12 10 3 9 1 8 4 5

62	 6 12 1 10 5 3 9 13 11 8 15 2 7 14 4

64	 9 3 12 15 11 2 8 14 6 13 10 4 7 1 5

70	 11 8 15 1 14 7 12 4 9 5 10 6 3 2 13

60	 5 9 7 3 2 15 11 4 1 14 8 10 6 12 13

64	 9 1 6 15 4 11 14 10 5 13 3 7 2 8 12

72	 12 8 4 9 5 1 11 15 7 13 3 14 2 6 10

72	 9 13 5 10 15 1 6 3 7 12 2 11 8 14 4

64	 9 14 1 15 12 8 7 3 4 10 5 2 11 6 13

69	 14 5 2 12 3 4 15 6 10 1 11 13 8 7 9

69	 2 7 14 6 3 1 5 8 15 13 12 10 11 4 9

61	 8 1 13 5 4 3 6 2 14 15 11 7 10 9 12

62	 2 4 3 11 6 8 9 10 7 12 5 15 1 14 13

61	 10 4 3 14 1 15 6 7 9 12 5 13 2 8 11

59	 10 4 7 2 5 13 11 12 15 14 1 6 8 3 9

59	 14 12 1 2 3 11 9 15 8 5 13 7 4 10 6

64	 8 5 15 9 6 13 11 7 4 1 14 2 10 3 12

63	 3 14 13 2 10 15 8 7 1 9 6 12 4 11 5

65	 4 12 15 9 8 2 10 14 13 1 5 6 11 3 7

62	 9 2 8 3 15 6 14 7 12 5 10 4 1 11 13

63	 10 5 1 8 12 9 15 4 3 6 11 14 2 13 7

69	 2 13 3 1 11 14 6 15 12 5 10 4 9 7 8

61	 10 6 9 5 3 7 4 15 1 13 2 14 8 11 12

65	 2 10 14 11 15 8 13 1 12 5 6 3 7 4 9

54	 10 1 12 9 4 2 7 11 15 8 14 6 13 3 5

61	 15 8 6 12 7 5 3 2 9 14 13 10 4 1 11

62	 7 5 6 14 12 3 10 13 1 4 2 15 8 11 9

57	 3 6 7 8 10 2 4 9 12 15 1 14 5 11 13

61	 4 7 6 2 5 10 1 14 3 11 9 15 8 12 13

66	 11 8 2 9 5 13 14 12 1 10 4 15 7 3 6

79	 9 3 6 15 14 10 1 7 11 2 5 13 12 8 4

63	 11 7 9 1 8 13 14 3 15 12 6 5 2 10 4

69	 7 4 15 10 14 1 6 2 8 13 9 12 11 3 5

56	 12 9 5 15 1 8 11 7 10 6 2 3 13 14 4

59	 6 13 14 5 1 12 15 11 7 8 4 2 9 10 3

63	 3 7 6 4 2 8 15 9 10 13 12 14 11 1 5

63	 13 15 3 1 8 10 12 14 6 4 11 7 2 5 9

71	 12 15 4 5 1 7 10 3 14 6 11 2 8 9 13

67	 4 10 3 6 5 12 14 13 7 2 8 15 1 11 9

73	 15 4 2 12 10 6 13 11 8 9 7 14 5 1 3

65	 5 14 6 8 2 3 13 7 1 12 10 15 4 11 9

67	 7 9 13 14 6 3 5 8 11 15 4 2 10 1 12

66	 13 9 12 15 7 6 1 11 4 14 3 5 2 10 8

68	 7 11 3 15 1 12 13 8 10 2 4 6 5 14 9

54	 4 6 1 8 3 9 11 13 12 5 14 15 10 7 2

63	 10 1 8 12 4 6 7 13 5 2 15 3 14 9 11

62	 2 14 9 1 10 4 11 12 15 8 6 7 5 3 13

68	 6 5 13 2 15 10 11 1 4 7 14 12 3 8 9

64	 3 15 4 7 11 9 5 13 1 8 12 14 10 6 2

63	 6 12 11 3 4 5 8 2 15 1 14 7 10 9 13

74	 6 12 14 1 15 4 9 7 10 2 11 3 5 8 13

64	 13 3 9 7 10 15 5 6 1 14 8 12 2 4 11

61	 3 10 14 11 15 12 7 1 4 6 2 9 5 13 8

70	 13 3 6 9 2 12 10 7 15 1 8 14 11 4 5

73	 9 7 1 8 15 5 3 2 10 11 13 4 14 12 6

70	 14 7 6 4 2 5 1 15 13 3 8 12 9 10 11

68	 11 12 15 7 8 4 14 13 1 9 2 5 10 6 3

64	 2 3 9 14 7 10 4 5 12 8 1 6 15 11 13

61	 8 1 9 6 2 14 11 3 5 12 4 15 10 13 7

72	 12 3 2 13 15 4 14 6 5 7 1 11 9 10 8

59	 6 7 10 12 3 4 2 11 14 13 1 15 5 8 9

61	 15 6 7 1 9 11 3 12 2 5 14 8 4 10 13

71	 7 1 12 13 6 14 5 8 10 9 3 11 2 4 15

66	 9 1 13 4 2 7 8 3 5 12 15 11 14 10 6

73	 6 14 13 10 3 7 8 5 15 9 12 11 2 1 4

72	 5 11 7 6 12 8 2 1 14 15 4 10 13 3 9

66	 5 3 8 6 11 2 9 7 10 12 4 15 1 14 13

64	 14 11 1 12 13 4 2 9 7 10 8 3 15 5 6

57	 2 12 7 9 6 4 1 5 11 15 14 10 8 13 3

65	 6 15 1 14 10 8 2 3 4 9 5 12 7 11 13

68	 6 3 2 8 14 4 7 13 1 5 15 12 9 11 10

63	 6 11 1 8 15 5 3 12 14 9 2 10 13 4 7

65	 3 7 2 1 6 11 8 12 14 5 4 15 13 9 10

66	 12 2 9 8 5 11 14 1 13 6 7 3 15 10 4

70	 3 7 14 2 13 9 5 1 11 15 10 12 8 6 4

81	 12 8 7 4 1 15 10 14 6 11 5 13 2 3 9

63	 12 7 8 1 14 5 13 4 2 11 15 10 6 9 3

62	 10 6 2 8 12 14 1 3 4 7 15 13 9 5 11

67	 5 1 10 7 3 4 15 14 6 8 2 9 11 12 13

64	 13 6 14 15 3 10 7 2 11 4 5 1 12 9 8

64	 5 8 7 10 14 15 9 6 2 1 11 13 12 4 3

65	 5 9 3 4 6 12 14 2 1 11 15 7 10 13 8

73	 10 1 15 9 3 2 14 6 11 5 4 12 8 13 7

56	 2 8 5 10 6 9 15 4 13 1 7 12 11 3 14

64	 4 8 10 2 14 11 13 3 12 7 6 15 5 1 9

59	 5 12 2 6 15 13 11 10 14 4 3 9 1 7 8

73	 12 7 5 9 3 8 14 11 10 1 15 6 4 2 13

66	 3 15 13 1 5 9 6 14 8 12 4 2 7 10 11

64	 2 6 14 8 11 9 7 4 5 15 12 1 3 10 13

85	 6 2 10 7 13 11 3 9 4 14 5 1 12 15 8

64	 12 5 10 11 1 7 15 2 3 9 13 6 8 14 4

74	 12 10 3 9 14 1 15 5 6 4 2 8 11 7 13

61	 3 4 5 14 9 1 6 11 7 13 8 10 2 15 12

59	 2 5 6 8 4 7 15 9 14 3 12 1 11 10 13

62	 2 5 12 13 8 14 9 7 10 6 15 1 4 11 3

58	 6 2 11 10 8 14 12 7 1 13 4 5 9 15 3

73	 11 15 4 7 9 3 6 2 1 12 13 14 10 5 8

67	 8 12 14 7 10 11 4 15 9 2 13 6 3 1 5

59	 3 7 6 1 11 5 2 15 4 14 13 9 12 8 10

66	 4 1 10 12 5 13 3 15 7 6 2 14 9 8 11

55	 10 2 3 5 15 4 14 12 8 7 13 9 1 6 11

68	 3 2 7 8 6 14 5 12 1 15 9 13 4 10 11

63	 6 1 8 13 4 11 9 15 2 14 12 7 3 5 10

58	 14 3 2 9 10 13 15 12 11 6 7 1 8 5 4

66	 5 2 4 15 7 6 10 1 13 8 3 11 14 9 12

56	 13 4 14 15 5 8 3 10 11 9 2 1 6 12 7

59	 9 7 5 15 11 3 10 2 13 6 4 14 12 8 1

59	 2 14 13 11 4 5 7 15 8 12 6 3 1 10 9

68	 3 6 2 13 10 8 15 11 4 1 12 14 9 5 7

65	 6 13 1 8 14 11 5 15 12 4 3 2 9 7 10

68	 14 1 5 11 15 12 8 9 3 4 7 10 6 2 13

74	 9 14 10 2 4 7 6 12 3 11 5 15 13 1 8

58	 6 3 4 15 13 14 9 8 10 12 1 5 2 11 7

56	 9 15 7 12 1 10 3 13 14 11 6 2 4 5 8

66	 14 3 7 11 1 10 4 2 8 6 5 15 13 12 9

59	 3 14 12 8 4 13 6 5 7 15 1 11 9 2 10

63	 14 1 5 15 8 12 13 6 10 9 11 2 7 3 4

66	 11 2 10 8 12 14 9 13 3 1 5 15 6 7 4

66	 10 7 15 5 4 14 11 3 8 12 1 13 9 2 6

70	 9 2 4 12 15 10 5 7 3 13 8 14 6 1 11

63	 6 7 13 12 9 2 3 5 8 15 1 14 10 11 4

57	 13 7 8 14 15 3 1 10 12 6 11 9 4 2 5

65	 5 7 10 6 13 3 14 15 9 1 2 8 11 12 4

78	 7 5 12 15 11 10 2 6 1 8 9 14 4 13 3

74	 2 11 5 8 10 13 14 9 7 1 4 12 15 3 6

71	 3 12 13 6 4 2 14 10 9 1 8 15 5 11 7

66	 4 13 10 2 7 15 6 1 3 11 12 8 14 9 5

59	 14 2 12 1 6 8 11 3 15 9 4 7 13 10 5

73	 2 4 13 14 10 15 11 7 8 6 9 3 1 5 12

64	 9 1 11 14 13 5 8 2 4 10 7 15 12 3 6

64	 8 15 1 4 7 13 11 14 6 12 9 5 2 10 3

66	 2 7 10 9 11 8 12 14 1 15 4 6 3 5 13

58	 10 11 8 14 5 6 2 7 13 12 3 15 1 4 9

61	 6 11 1 10 5 8 15 4 13 7 12 14 2 3 9

66	 8 7 13 2 14 15 3 11 1 12 6 10 9 4 5

71	 14 7 11 2 13 15 5 3 12 4 9 8 1 10 6

71	 3 7 4 2 11 9 6 13 8 10 5 1 15 14 12

80	 15 4 3 11 9 8 7 14 6 1 5 13 10 2 12

61	 6 13 12 15 7 4 8 11 14 2 10 3 5 9 1

63	 9 11 13 6 4 15 1 7 5 14 2 12 10 8 3

73	 4 12 15 9 14 6 7 1 11 13 3 10 8 2 5

70	 12 8 14 4 9 15 11 1 10 13 7 6 5 3 2

64	 9 5 12 13 6 10 14 2 8 3 1 15 4 11 7

63	 3 7 12 10 2 14 1 11 15 8 4 9 5 6 13

62	 3 14 4 13 12 6 1 8 9 11 2 5 15 10 7

59	 3 8 7 1 4 15 6 11 12 9 10 14 2 13 5

70	 9 5 13 15 14 4 8 3 12 7 2 10 6 1 11

57	 4 1 9 12 5 7 13 15 11 10 8 2 3 14 6

65	 6 2 9 4 5 15 12 7 10 3 14 1 13 11 8

67	 8 1 13 14 7 11 10 6 5 15 12 3 2 4 9

69	 12 14 5 8 1 13 15 7 10 6 11 2 4 3 9

53	 2 7 15 11 9 14 12 13 10 3 5 6 4 1 8

67	 2 8 6 3 5 9 7 4 15 14 1 13 12 11 10

66	 12 10 5 2 4 14 11 9 15 6 7 8 1 3 13

70	 8 12 15 3 7 9 2 11 1 14 5 6 13 4 10

60	 6 14 12 2 3 7 4 15 8 10 5 9 1 11 13

72	 5 12 1 15 9 2 14 8 3 4 11 10 7 6 13

63	 7 13 5 12 1 6 4 15 14 2 11 9 8 3 10

65	 10 11 1 7 12 8 13 15 9 6 3 14 2 5 4

68	 12 3 14 13 1 2 11 8 7 15 10 9 6 4 5

66	 11 4 1 6 8 13 7 15 12 14 3 5 10 2 9

69	 6 8 12 11 15 13 1 5 7 4 10 2 14 9 3

59	 9 4 8 13 10 3 1 15 12 14 7 5 6 11 2

67	 14 1 15 2 4 11 9 5 7 6 12 10 3 8 13

72	 2 3 6 7 4 10 13 12 14 9 1 11 15 8 5

62	 6 8 2 12 4 9 1 3 11 14 13 10 15 5 7

58	 7 13 8 11 15 2 12 5 3 14 6 4 9 1 10

66	 11 13 2 8 14 3 1 12 15 10 9 7 4 5 6

57	 7 9 10 13 5 15 11 1 3 8 12 4 2 14 6

65	 10 8 13 6 5 3 9 15 1 14 2 7 12 11 4

71	 2 3 4 6 9 14 1 10 11 5 15 12 7 13 8

66	 5 4 1 2 7 15 12 10 11 14 8 6 13 9 3

66	 8 15 5 9 2 13 10 7 14 11 3 1 4 6 12

64	 14 15 11 7 13 8 3 2 1 12 5 9 4 10 6

68	 14 1 15 9 8 10 13 11 6 7 12 5 3 2 4

56	 7 10 8 13 14 9 5 11 3 6 2 15 1 12 4

61	 7 14 12 6 2 13 9 10 11 15 8 4 1 3 5

60	 7 15 4 5 14 8 3 1 12 2 10 13 9 6 11

56	 3 1 7 4 8 5 13 6 9 2 12 15 14 10 11

59	 9 15 10 11 3 1 5 13 7 2 6 4 14 12 8

71	 14 6 1 13 15 12 5 3 10 4 11 7 2 8 9

64	 14 1 9 15 12 13 3 8 7 6 5 10 4 2 11

71	 6 5 2 7 4 11 8 1 14 12 10 15 3 9 13

64	 9 3 2 5 8 10 12 4 6 14 1 13 15 7 11

85	 14 12 10 8 7 11 13 2 1 15 3 9 5 4 6

69	 7 12 15 3 8 1 11 4 9 13 2 5 14 10 6

80	 7 15 5 2 6 1 9 3 13 12 8 10 14 11 4

66	 10 12 6 15 13 3 2 7 1 11 14 9 5 8 4

73	 2 3 9 4 7 1 10 12 8 15 11 6 14 13 5

77	 7 14 9 8 5 15 13 12 11 6 1 3 4 2 10

68	 14 4 10 2 5 11 9 7 6 12 13 15 1 8 3

62	 8 10 14 12 9 2 13 7 15 3 5 11 1 4 6

60	 12 2 5 8 15 10 3 7 9 6 13 11 4 1 14

59	 4 8 3 6 12 5 9 7 2 14 15 13 10 1 11

64	 9 3 5 14 2 12 8 13 11 1 7 15 4 10 6

61	 3 1 11 5 2 12 6 4 15 13 9 7 8 10 14

75	 2 10 13 9 11 14 1 12 4 8 3 15 5 6 7

61	 6 8 11 4 15 9 14 5 7 13 1 12 3 10 2

66	 12 10 14 4 11 13 5 7 2 8 6 9 15 1 3

64	 4 14 2 11 13 9 3 1 6 7 10 15 12 5 8

64	 3 4 8 6 12 15 1 14 9 11 2 5 10 7 13

80	 12 7 8 3 4 15 11 9 1 5 10 14 13 2 6

69	 3 12 9 1 15 13 4 2 10 7 6 14 5 8 11

68	 6 10 7 1 15 4 9 5 12 14 2 13 8 11 3

62	 10 9 13 4 1 15 5 7 3 8 11 14 12 2 6

72	 15 3 4 13 11 2 7 9 14 5 1 6 10 12 8

61	 6 1 11 2 10 4 13 8 15 12 9 3 14 7 5

59	 14 8 9 12 5 10 7 11 2 15 4 3 1 6 13

60	 4 14 11 3 7 9 15 2 6 8 1 10 5 12 13

58	 10 11 4 1 7 6 8 13 2 14 15 9 5 3 12

72	 9 2 10 11 8 15 6 14 3 1 13 7 4 5 12

75	 5 3 8 14 7 1 13 15 4 6 10 2 9 11 12

63	 8 10 3 9 6 4 14 2 5 15 7 12 1 13 11

55	 2 4 6 12 10 15 14 3 5 1 7 11 13 9 8

73	 8 15 6 10 5 1 11 13 14 3 4 2 9 12 7

66	 2 10 7 14 3 9 1 11 15 5 12 4 8 13 6

70	 12 3 7 6 11 9 1 14 8 5 2 10 15 13 4

65	 15 4 10 14 8 7 13 1 12 11 9 5 3 6 2

64	 2 9 3 4 5 8 1 15 14 13 10 11 7 6 12

71	 3 1 5 6 13 11 12 10 15 9 7 14 8 2 4

62	 13 2 4 1 10 5 12 15 11 14 8 9 3 7 6

69	 9 11 8 15 14 1 2 13 3 5 6 12 4 7 10

59	 9 8 12 2 5 6 4 1 15 3 13 10 14 11 7

60	 7 13 12 11 6 9 10 15 14 2 8 4 1 3 5

53	 10 6 2 4 12 9 13 1 11 14 8 15 7 3 5

68	 12 1 4 10 8 13 11 7 14 2 9 3 15 5 6

58	 11 13 14 15 4 6 10 3 1 8 5 12 2 9 7

66	 12 4 1 10 8 15 5 13 2 14 11 6 9 3 7

62	 4 7 1 12 3 14 2 10 9 15 5 8 6 11 13

69	 2 5 15 7 9 8 11 10 12 3 4 14 1 6 13

59	 2 5 1 9 6 8 13 4 11 12 10 3 15 14 7

65	 6 9 14 7 15 3 11 2 4 12 8 10 1 5 13

65	 4 8 10 14 1 2 9 15 5 12 7 11 3 6 13

65	 6 11 15 1 13 9 7 5 4 3 14 10 8 12 2

67	 13 11 15 6 7 2 8 14 9 1 5 4 10 3 12

70	 8 9 6 12 11 2 15 10 7 5 1 13 4 14 3

59	 9 2 10 14 15 7 12 11 6 3 5 1 13 8 4

61	 5 14 1 11 7 8 9 13 12 15 2 4 3 6 10

70	 6 12 10 3 5 4 1 15 13 14 8 2 9 7 11

65	 3 6 9 2 8 15 11 7 5 1 14 10 4 12 13

62	 4 15 8 6 9 5 11 3 10 14 7 2 1 13 12

65	 11 2 5 3 7 10 1 13 8 4 6 9 15 14 12

78	 9 14 8 2 6 12 10 5 7 11 1 3 15 13 4

63	 13 2 5 3 12 1 14 9 10 11 6 15 4 7 8

64	 7 5 9 2 12 13 10 4 1 6 15 11 14 8 3

64	 3 15 8 9 11 6 14 12 2 5 7 13 4 1 10

64	 6 5 3 14 9 12 2 7 15 1 11 13 8 4 10

67	 8 4 1 13 7 5 14 3 2 6 15 9 10 11 12

70	 10 4 11 7 9 3 15 8 1 14 6 2 5 12 13

61	 4 12 9 5 2 11 7 3 10 13 14 1 6 15 8

55	 3 10 15 8 6 1 4 11 9 14 13 5 12 2 7

71	 2 12 9 10 6 15 3 7 1 4 11 14 13 5 8

62	 12 11 8 10 13 9 14 2 4 15 1 6 7 3 5

69	 9 1 2 8 12 13 6 11 4 15 10 7 3 14 5

70	 2 9 6 1 5 8 7 14 3 15 10 12 13 11 4

62	 10 8 1 15 2 4 6 14 5 3 9 12 13 11 7

58	 11 10 7 4 15 6 9 14 2 3 12 13 8 1 5

63	 8 10 1 14 15 11 9 12 13 3 4 2 6 5 7

63	 14 5 1 8 2 12 6 9 11 3 10 13 4 15 7

59	 9 13 8 1 4 11 14 12 10 15 3 7 5 2 6

60	 9 7 2 14 5 15 12 13 3 4 1 8 10 6 11

86	 7 2 12 14 11 10 6 1 15 5 8 9 3 13 4

67	 6 7 14 4 12 9 15 13 8 10 2 5 1 11 3

67	 9 8 1 4 12 5 6 15 11 10 14 13 3 2 7

66	 3 11 7 10 6 9 12 5 15 1 14 8 2 4 13

71	 9 5 6 1 15 8 14 4 3 7 11 10 12 2 13

76	 5 9 10 2 3 7 8 12 15 4 1 13 14 11 6

79	 8 4 2 7 1 14 12 11 3 5 9 15 6 10 13

61	 14 9 2 6 12 13 4 11 15 8 1 7 10 5 3

64	 2 8 7 10 9 4 12 3 6 15 1 14 5 11 13

65	 4 9 14 8 15 1 5 6 2 11 10 7 13 3 12

65	 8 7 9 1 5 13 15 6 10 4 2 12 14 11 3

68	 5 3 7 14 10 2 11 15 13 6 12 1 4 9 8

66	 12 5 14 1 15 9 3 4 11 7 2 10 8 6 13

64	 4 11 8 5 15 1 12 2 9 7 13 10 6 14 3

67	 6 13 14 8 10 15 4 5 12 2 9 7 3 1 11

57	 13 5 4 8 2 9 14 1 10 12 15 6 11 3 7

65	 11 10 5 4 2 7 13 1 12 14 8 15 6 3 9

70	 11 12 2 8 1 5 9 6 4 14 13 15 10 7 3

71	 11 4 10 9 6 12 8 15 1 5 2 3 14 13 7

63	 9 15 5 14 8 7 1 4 12 10 11 2 13 6 3

71	 7 4 15 6 1 5 14 12 3 9 2 13 8 10 11

64	 6 7 14 4 1 11 12 9 13 15 3 10 8 2 5

63	 15 5 11 13 3 4 1 2 7 14 9 6 12 10 8

69	 4 6 9 2 1 13 5 15 12 14 10 7 3 8 11

69	 2 14 13 6 15 12 7 10 8 11 4 1 5 9 3

80	 3 15 10 12 1 13 9 4 14 2 6 8 7 5 11

64	 6 15 4 13 1 12 10 8 14 11 2 5 7 9 3

57	 8 14 15 9 1 4 6 2 7 3 5 11 12 13 10

64	 7 14 12 15 11 6 8 9 10 3 13 5 2 1 4

76	 4 1 8 14 7 3 10 11 13 6 5 15 9 2 12

75	 13 8 5 9 1 3 2 14 15 12 4 7 10 6 11

67	 13 4 1 6 8 9 14 2 7 12 5 15 3 11 10

69	 9 12 3 5 7 10 6 8 2 15 1 14 4 11 13

68	 10 12 15 5 8 7 3 14 6 4 13 9 1 11 2

69	 2 9 7 12 11 14 3 15 5 6 4 8 10 1 13

81	 11 1 10 13 2 5 15 7 4 14 8 6 9 12 3

64	 7 8 3 11 4 6 2 5 12 10 9 15 1 14 13

61	 8 11 6 4 9 7 15 12 13 2 3 5 14 1 10

72	 3 1 9 7 6 5 10 2 12 8 11 15 13 14 4

63	 6 12 15 1 14 11 2 4 8 10 5 3 7 9 13

65	 3 8 4 6 1 14 9 7 11 15 10 13 5 2 12

58	 12 4 7 3 8 5 6 10 9 15 1 14 2 11 13

66	 12 7 1 13 15 10 2 3 8 9 14 5 6 4 11

63	 2 8 15 10 7 9 6 11 14 4 12 3 1 5 13

61	 12 4 3 6 14 15 9 10 8 1 5 2 7 11 13

65	 2 5 12 13 7 9 14 10 6 1 11 15 8 4 3

70	 3 8 2 11 10 6 4 9 12 15 1 14 5 7 13

61	 14 7 3 10 4 5 13 8 11 1 12 6 2 15 9

69	 10 4 7 13 14 8 15 11 6 5 9 2 12 1 3

65	 13 3 7 8 2 6 4 1 11 14 10 12 15 9 5

62	 6 13 11 15 10 12 4 7 1 5 8 9 2 14 3

59	 14 5 1 6 4 8 3 13 9 10 12 15 11 2 7

60	 8 10 6 7 13 15 9 5 12 4 14 1 11 3 2

70	 12 3 5 2 8 7 13 6 4 1 15 11 10 14 9

65	 5 2 9 6 4 11 7 3 8 14 13 15 10 1 12

62	 6 4 13 1 15 14 8 11 7 9 2 5 10 3 12

70	 14 3 13 7 2 1 4 15 11 8 6 9 5 12 10

70	 4 2 3 14 7 8 5 1 12 6 10 15 11 9 13

70	 6 1 11 13 12 10 8 15 4 3 2 9 5 14 7

59	 7 8 3 4 11 10 15 9 5 12 1 13 14 6 2

77	 9 1 6 8 15 11 4 14 7 3 5 2 12 13 10

75	 2 11 13 1 7 5 14 12 6 8 9 15 4 3 10

66	 14 5 2 7 3 8 1 13 4 10 15 9 11 12 6

67	 12 5 9 4 11 3 10 14 2 8 15 6 1 13 7

66	 12 6 9 4 11 1 7 13 5 3 10 2 15 14 8

69	 7 5 13 2 9 14 4 8 11 6 3 1 15 10 12

60	 8 3 5 15 1 9 10 12 14 6 11 7 2 4 13

65	 14 8 5 1 6 7 9 11 3 4 2 10 15 12 13

68	 3 11 10 6 15 1 4 2 14 9 5 7 12 13 8

58	 11 1 15 13 14 10 12 9 7 5 3 2 8 4 6

58	 12 2 1 6 13 9 11 10 14 7 15 3 8 4 5

62	 9 4 5 14 11 15 8 6 2 13 12 1 3 7 10

64	 13 5 2 11 10 15 6 9 4 8 1 14 7 3 12

59	 11 7 3 4 13 12 15 10 5 9 2 14 8 6 1

76	 6 1 12 15 14 11 8 13 9 2 5 3 4 7 10

62	 11 13 4 1 3 15 8 14 10 7 12 9 6 2 5

63	 11 13 6 2 7 5 12 4 15 10 14 1 9 8 3

60	 5 15 10 3 11 12 7 1 6 2 8 9 14 4 13

62	 3 11 10 8 4 2 5 9 13 14 12 1 15 7 6

72	 11 14 5 3 15 2 8 12 10 4 9 6 1 13 7

76	 2 8 6 15 7 9 14 4 10 11 3 1 12 13 5

65	 2 11 3 8 13 1 14 7 10 15 12 5 4 9 6

66	 13 15 12 7 4 2 5 14 1 8 11 3 6 10 9

70	 8 4 9 13 15 3 12 2 5 14 1 6 7 11 10

67	 6 9 11 2 8 7 5 13 1 4 10 15 3 14 12

59	 5 6 4 7 3 11 10 2 12 15 9 14 8 1 13

62	 8 11 13 10 6 14 5 12 1 2 7 3 15 4 9

82	 5 2 7 3 8 15 11 12 1 4 14 9 13 6 10

64	 5 2 4 13 9 12 6 8 7 15 3 14 1 11 10

64	 4 15 1 14 7 8 6 12 3 2 5 10 9 11 13

70	 6 1 10 5 2 12 3 4 7 11 8 14 15 13 9

59	 14 6 15 5 3 4 11 8 12 9 13 1 10 2 7

56	 9 5 15 12 3 13 7 14 8 1 11 4 6 10 2

62	 7 6 5 11 4 8 13 15 9 2 14 1 12 3 10

61	 14 13 4 15 11 10 1 7 3 2 9 8 5 6 12

60	 14 4 15 6 9 3 8 11 13 1 10 5 7 2 12

73	 2 11 9 14 12 4 15 3 13 10 6 1 5 7 8

79	 11 9 1 7 8 3 2 12 4 15 13 10 14 5 6

61	 2 8 9 3 15 10 1 11 5 4 14 13 6 12 7

61	 6 10 14 1 2 7 12 3 11 4 15 5 9 8 13

60	 4 8 2 12 5 6 1 14 10 7 9 3 15 11 13

62	 12 8 9 1 10 6 5 13 4 14 3 2 15 7 11

72	 7 4 9 3 6 13 5 2 11 12 8 15 14 1 10

73	 12 9 4 2 6 10 8 3 5 14 1 13 15 7 11

62	 2 8 9 12 4 14 1 3 6 11 15 10 5 7 13

74	 4 8 12 5 10 2 11 9 1 13 6 15 3 14 7

63	 10 9 15 5 14 1 8 4 12 7 2 6 3 11 13

64	 3 2 8 9 13 6 15 5 14 1 4 11 7 12 10

75	 2 7 12 8 11 15 3 13 9 14 4 1 5 6 10

62	 3 15 12 4 1 9 6 13 10 11 14 2 7 8 5

62	 5 4 10 1 12 9 14 11 3 15 2 8 13 6 7

77	 10 14 5 6 11 3 7 9 2 8 12 1 15 4 13

67	 13 10 14 9 1 12 8 15 3 7 6 4 2 11 5

70	 6 2 7 1 5 11 9 14 4 12 8 10 15 13 3

65	 14 6 8 1 12 13 2 4 9 7 15 10 3 5 11

69	 10 5 4 15 7 6 2 9 3 8 12 1 14 11 13

71	 4 5 11 14 3 1 12 6 2 13 15 7 8 10 9

76	 10 5 7 11 8 9 1 6 15 12 13 14 2 3 4

73	 8 7 11 1 5 15 10 9 14 6 13 2 4 3 12

59	 5 12 1 4 9 8 14 6 2 11 3 7 15 13 10

75	 5 1 11 14 3 15 10 6 9 8 13 7 2 4 12

65	 13 8 5 2 1 7 12 15 9 11 3 6 14 10 4

58	 4 8 2 6 9 7 11 3 1 14 10 15 5 12 13

81	 9 5 14 8 7 1 3 13 10 12 4 15 6 11 2

88	 4 9 3 6 11 5 2 7 15 1 14 12 8 10 13

62	 6 10 2 7 3 13 12 1 14 4 15 11 5 8 9

63	 8 12 5 11 15 7 10 9 6 3 2 13 14 1 4

73	 11 1 4 3 15 6 7 14 2 12 8 10 13 9 5

68	 5 2 10 8 7 4 3 14 1 11 13 12 15 6 9

70	 4 14 8 12 10 15 5 7 2 6 1 13 3 9 11

68	 9 6 5 12 8 15 10 13 11 2 4 14 1 7 3

66	 14 9 12 15 7 2 3 6 11 8 10 1 5 13 4

63	 12 6 1 8 15 13 3 7 10 14 5 2 9 4 11

63	 7 8 4 6 2 9 14 11 3 15 5 1 13 12 10

69	 7 5 1 8 15 3 6 9 13 12 10 4 14 2 11

58	 9 3 6 10 12 15 1 8 14 2 13 5 7 4 11

63	 2 7 5 14 1 9 4 3 10 12 15 11 6 8 13

67	 2 5 6 1 12 8 13 3 15 4 7 10 14 9 11

64	 11 1 3 4 2 12 9 14 8 10 13 15 6 7 5

71	 5 4 3 1 14 9 7 15 11 12 6 8 2 10 13

61	 2 15 5 11 7 1 3 9 8 13 4 14 6 10 12

71	 6 13 9 10 15 14 4 12 7 11 1 5 3 2 8

63	 6 2 11 10 12 3 8 15 14 5 13 1 9 7 4

68	 9 2 11 10 4 3 15 1 14 8 12 6 5 7 13

74	 5 9 12 7 2 1 11 13 4 14 3 15 10 6 8

65	 4 1 15 12 14 8 7 2 10 9 13 6 5 11 3

69	 4 7 15 5 2 1 12 14 8 11 13 3 6 10 9

73	 13 11 12 5 15 6 3 2 1 10 4 7 14 9 8

56	 13 11 6 8 1 9 14 10 3 12 5 15 7 2 4

64	 5 2 14 8 3 11 13 7 6 12 15 1 4 10 9

67	 6 14 2 3 7 4 13 1 12 15 8 11 9 10 5

68	 6 3 1 14 5 9 2 12 7 11 15 10 4 8 13

59	 4 2 9 5 13 7 14 1 12 15 6 8 10 3 11

60	 8 15 5 7 10 4 1 3 12 9 13 11 14 2 6

69	 10 8 9 13 1 14 15 5 11 7 4 3 6 12 2

67	 5 8 4 7 9 2 1 15 13 14 10 12 3 6 11

81	 7 10 11 5 1 9 2 13 14 3 6 15 12 4 8

67	 8 15 14 11 4 6 9 13 7 10 5 2 3 1 12

62	 9 13 14 2 6 1 5 4 12 7 3 10 15 8 11

66	 5 4 6 1 8 13 7 14 15 12 10 9 3 2 11

67	 11 15 6 9 1 14 12 3 8 10 5 7 2 4 13

67	 6 9 3 7 15 11 12 8 2 1 14 4 5 10 13

66	 12 6 1 9 7 8 3 10 13 5 15 11 14 2 4

73	 10 5 1 6 12 15 13 11 7 2 3 4 14 9 8

61	 6 7 9 1 4 2 3 8 10 13 14 15 5 12 11

71	 6 4 12 8 9 7 13 15 1 3 5 2 14 11 10

64	 4 15 9 7 12 11 8 10 6 2 1 5 13 14 3

73	 7 1 9 8 2 13 12 10 3 11 4 15 5 14 6

71	 12 10 1 15 2 5 9 3 13 6 8 7 14 4 11

62	 5 7 8 13 10 2 12 1 15 9 14 4 6 3 11

65	 15 5 2 4 8 9 14 6 1 7 12 11 13 3 10

61	 12 6 2 14 1 4 7 5 15 11 3 13 10 9 8

59	 2 9 4 12 3 8 5 6 14 15 13 1 10 7 11

76	 14 8 6 4 3 9 5 2 15 10 13 7 1 12 11

79	 12 15 13 7 14 3 1 10 6 11 4 8 2 5 9

64	 8 4 13 11 1 3 12 9 2 5 15 6 14 7 10

65	 4 5 13 7 15 2 10 1 14 11 12 3 8 9 6

61	 14 4 3 9 5 13 12 8 10 1 15 6 7 11 2

63	 7 15 2 12 9 13 14 10 3 1 6 8 11 4 5

62	 12 5 1 8 7 14 6 11 10 4 2 9 15 3 13

61	 10 2 13 7 3 5 9 11 1 8 4 15 14 12 6

65	 10 7 14 15 11 13 5 1 6 12 8 2 9 3 4

68	 14 9 7 13 11 2 12 8 5 1 10 6 15 4 3

58	 10 6 11 3 14 7 1 9 12 2 13 5 15 4 8

67	 10 15 12 13 14 9 8 5 1 6 7 11 4 2 3

65	 7 6 10 4 3 1 14 9 5 2 12 15 11 8 13

62	 2 10 7 5 12 15 9 8 1 13 3 14 4 11 6

61	 2 4 12 6 11 5 15 9 1 14 8 13 3 10 7

59	 9 5 8 2 4 3 11 12 6 14 7 10 15 13 1

63	 6 12 2 4 9 8 5 10 14 3 15 7 1 13 11

60	 6 1 5 8 10 9 15 7 14 11 12 13 3 2 4

58	 7 8 15 4 14 11 2 1 9 6 3 13 12 10 5

68	 6 10 11 15 7 13 8 1 3 2 12 14 9 5 4

88	 6 15 7 3 1 9 14 8 12 4 13 2 10 5 11

84	 10 6 12 2 14 1 15 7 3 8 5 4 11 9 13

62	 11 9 2 7 13 1 4 6 14 12 5 10 8 15 3

57	 2 6 8 11 1 12 7 5 3 13 10 15 14 4 9

64	 15 4 7 11 13 3 5 14 10 8 12 1 6 2 9

84	 9 13 2 10 15 5 1 6 11 14 4 8 12 7 3

69	 8 2 5 1 11 6 7 12 15 14 4 10 13 3 9

68	 2 13 9 7 1 3 14 6 8 15 12 4 11 10 5

60	 2 4 3 7 8 9 15 11 1 10 14 5 6 13 12

64	 6 9 2 11 8 7 13 1 15 3 14 10 4 12 5

74	 5 2 13 12 7 15 14 10 11 1 6 4 3 9 8

71	 2 5 11 1 10 15 3 7 14 4 12 6 8 9 13

56	 13 2 9 7 1 6 10 15 8 14 12 4 11 5 3

69	 5 8 9 10 12 6 3 4 15 1 14 11 2 7 13

75	 13 2 4 11 15 10 9 14 12 7 3 1 6 8 5

63	 12 13 8 6 11 15 2 9 1 3 4 10 5 14 7

66	 8 3 1 7 9 14 11 5 12 4 15 13 10 2 6

69	 4 6 15 11 7 13 2 1 12 14 8 10 5 3 9

66	 4 13 15 11 9 3 5 14 6 2 8 1 12 7 10

62	 11 9 15 8 14 12 10 2 13 4 7 6 1 3 5

65	 9 13 1 12 14 10 5 3 4 6 7 15 8 2 11

76	 11 7 12 1 13 10 2 4 15 9 14 8 5 6 3

66	 6 11 7 1 12 4 5 8 15 2 14 10 9 13 3

56	 12 13 2 5 15 11 8 3 4 10 1 9 14 6 7

61	 14 12 1 10 8 4 11 6 15 9 5 3 2 13 7

65	 7 4 14 1 8 6 13 9 15 10 3 12 11 5 2

70	 9 8 7 12 6 15 11 14 5 1 4 13 2 3 10

60	 2 4 8 3 1 9 11 14 6 5 10 13 7 15 12

70	 10 1 11 5 14 13 15 7 3 2 9 4 6 12 8

62	 9 7 4 3 15 14 5 6 2 13 11 12 1 10 8

62	 9 1 8 10 2 12 15 13 5 11 7 4 3 14 6

69	 5 13 14 9 2 3 15 11 10 6 8 7 12 1 4

66	 14 15 1 13 3 10 9 2 8 5 6 4 11 7 12

66	 8 9 10 7 15 11 12 2 13 4 1 3 14 5 6

68	 13 15 1 6 3 5 8 2 4 10 12 7 14 9 11

59	 7 9 15 13 6 8 2 11 4 1 10 14 3 12 5

63	 14 1 13 8 9 6 2 7 15 12 5 11 3 10 4

66	 6 10 7 3 5 11 4 15 1 14 12 8 2 9 13

65	 7 12 15 1 4 5 13 2 10 3 6 14 11 9 8

64	 6 15 2 14 13 7 9 1 5 12 11 3 4 10 8

68	 14 13 2 15 6 10 8 5 1 9 7 12 3 4 11

69	 8 2 15 5 9 4 13 6 11 10 1 12 3 14 7

65	 9 6 12 15 7 11 3 10 5 14 4 2 1 13 8

58	 12 15 10 14 2 3 1 6 5 13 7 9 11 4 8

68	 13 15 8 3 14 7 12 6 1 5 4 2 11 10 9

67	 7 6 11 15 12 3 8 10 13 5 14 4 2 1 9

61	 3 5 8 12 13 9 1 14 2 10 6 11 15 7 4

84	 8 2 9 13 10 4 3 14 7 1 12 15 6 11 5

71	 9 14 8 15 2 4 6 3 10 11 12 5 1 13 7

62	 6 10 7 3 11 15 2 13 14 1 8 9 4 12 5

58	 4 3 14 2 13 8 10 5 1 12 6 15 9 11 7

64	 7 14 8 1 15 5 6 9 4 12 2 13 3 11 10

56	 8 12 9 10 14 6 2 4 5 13 7 15 3 11 1

63	 9 11 7 2 10 14 6 1 3 4 8 15 5 12 13

61	 13 6 15 1 3 10 14 8 7 11 9 5 2 12 4

72	 13 11 15 9 1 14 12 2 4 7 3 10 5 8 6

64	 10 2 15 8 4 1 13 5 3 14 12 7 6 9 11

66	 5 14 10 4 11 2 8 15 12 7 13 6 9 1 3

61	 9 4 3 2 5 8 15 1 14 12 10 11 7 6 13

75	 6 14 9 5 1 11 10 13 15 4 3 7 8 12 2

74	 3 1 4 8 14 9 10 2 15 6 12 5 13 7 11

72	 11 6 4 8 15 1 14 12 7 10 2 3 9 5 13

68	 9 15 3 14 7 6 1 5 12 2 8 4 13 10 11

56	 2 15 3 5 14 6 1 9 4 11 7 8 12 13 10

68	 8 4 3 12 15 2 7 5 6 10 9 14 1 13 11

59	 4 15 12 8 11 13 5 7 6 3 1 9 14 10 2

61	 12 1 11 7 8 2 4 3 6 5 14 13 10 9 15

64	 10 13 3 1 14 12 9 2 5 6 15 11 4 7 8

96	 9 11 8 7 6 1 13 5 10 2 4 15 3 14 12		MAX_IN-FILE: 

